#
# A fatal error has been detected by the Java Runtime Environment:
#
#  EXCEPTION_ACCESS_VIOLATION (0xc0000005) at pc=0x000000006602e860, pid=1524, tid=4444
#
# JRE version: Java(TM) SE Runtime Environment (8.0_71-b15) (build 1.8.0_71-b15)
# Java VM: Java HotSpot(TM) 64-Bit Server VM (25.71-b15 mixed mode windows-amd64 compressed oops)
# Problematic frame:
# V  [jvm.dll+0xae860]
#
# Failed to write core dump. Minidumps are not enabled by default on client versions of Windows
#
# If you would like to submit a bug report, please visit:
#   http://bugreport.java.com/bugreport/crash.jsp
#

---------------  T H R E A D  ---------------

Current thread (0x00000000030f4000):  GCTaskThread [stack: 0x0000000013340000,0x0000000013440000] [id=4444]

siginfo: ExceptionCode=0xc0000005, reading address 0x0000000001900168

Registers:
RAX=0x0000000000000002, RBX=0x00000000e06f05b0, RCX=0x00000000e06f05b0, RDX=0x0000000001900160
RSP=0x000000001343fac8, RBP=0x0000000000000000, RSI=0x0000000018175c80, RDI=0x000000001a3e5310
R8 =0x0000000018175c80, R9 =0x0000000000000007, R10=0x0000000000000008, R11=0x00000000f8480a78
R12=0x00000000665cb088, R13=0x007400780074002e, R14=0x0000000000000000, R15=0x00000000030f4380
RIP=0x000000006602e860, EFLAGS=0x0000000000010206

Top of Stack: (sp=0x000000001343fac8)
0x000000001343fac8:   000000006637b522 00000000e26f0598
0x000000001343fad8:   0000000000000003 0000000018175c80
0x000000001343fae8:   00007ff89e8975ff 00000000f8478a88
0x000000001343faf8:   0000000000001000 0000000000000048
0x000000001343fb08:   00007ff800000001 0000000000000000
0x000000001343fb18:   00000000030f2301 00000000665cb088
0x000000001343fb28:   000000006637b890 00000000f847a2f4
0x000000001343fb38:   0000000000000000 0000000018175c80
0x000000001343fb48:   000000001a3e5310 00000000f847a2f4
0x000000001343fb58:   000000006637c265 0000000000000005
0x000000001343fb68:   00000000665cb088 00000000f847a1e8
0x000000001343fb78:   000000006637b7a1 00000000e27bcee0
0x000000001343fb88:   0000000000000005 0000000018175c80
0x000000001343fb98:   000061bd00007b69 0000000000000400
0x000000001343fba8:   000061bd00007b6a 0000628700006ba4
0x000000001343fbb8:   000061bd00007b69 00000000030f4370 

Instructions: (pc=0x000000006602e860)
0x000000006602e840:   ec a5 1d 00 48 8b 9c 24 d0 00 00 00 48 81 c4 c0
0x000000006602e850:   00 00 00 5d c3 cc cc cc cc cc cc cc cc cc cc cc
0x000000006602e860:   44 8b 42 08 4c 8b ca 45 85 c0 7e 0e 41 f6 c0 01
0x000000006602e870:   75 57 41 c1 f8 03 41 8b c0 c3 79 4d 80 3d 3e 1a 


Register to memory mapping:

RAX=0x0000000000000002 is an unknown value
RBX=0x00000000e06f05b0 is an oop

[error occurred during error reporting (printing register info), id 0xc0000005]

Stack: [0x0000000013340000,0x0000000013440000],  sp=0x000000001343fac8,  free space=1022k
Native frames: (J=compiled Java code, j=interpreted, Vv=VM code, C=native code)


---------------  P R O C E S S  ---------------

Java Threads: ( => current thread )
  0x000000001a342000 JavaThread "Service Thread" daemon [_thread_blocked, id=3840, stack(0x000000001ac70000,0x000000001ad70000)]
  0x000000001a2ae800 JavaThread "C1 CompilerThread3" daemon [_thread_blocked, id=7232, stack(0x000000001ab70000,0x000000001ac70000)]
  0x000000001a2a3000 JavaThread "C2 CompilerThread2" daemon [_thread_blocked, id=4112, stack(0x000000001aa70000,0x000000001ab70000)]
  0x000000001a299000 JavaThread "C2 CompilerThread1" daemon [_thread_blocked, id=8576, stack(0x000000001a970000,0x000000001aa70000)]
  0x000000001a296000 JavaThread "C2 CompilerThread0" daemon [_thread_blocked, id=9312, stack(0x000000001a870000,0x000000001a970000)]
  0x000000001a294000 JavaThread "Attach Listener" daemon [_thread_blocked, id=4492, stack(0x000000001a770000,0x000000001a870000)]
  0x000000001a293000 JavaThread "Signal Dispatcher" daemon [_thread_blocked, id=4176, stack(0x000000001a670000,0x000000001a770000)]
  0x00000000031c8800 JavaThread "Finalizer" daemon [_thread_blocked, id=11096, stack(0x000000001a060000,0x000000001a160000)]
  0x00000000031c2000 JavaThread "Reference Handler" daemon [_thread_blocked, id=11304, stack(0x0000000019f60000,0x000000001a060000)]
  0x00000000030d0800 JavaThread "main" [_thread_blocked, id=11872, stack(0x0000000002f70000,0x0000000003070000)]

Other Threads:
  0x0000000018179000 VMThread [stack: 0x0000000019e60000,0x0000000019f60000] [id=8780]
  0x000000001a36f000 WatcherThread [stack: 0x000000001ad70000,0x000000001ae70000] [id=4456]

=>0x00000000030f4000 (exited) GCTaskThread [stack: 0x0000000013340000,0x0000000013440000] [id=4444]

VM state:at safepoint (normal execution)

VM Mutex/Monitor currently owned by a thread:  ([mutex/lock_event])
[0x00000000030cc330] Threads_lock - owner thread: 0x0000000018179000
[0x00000000030cbcb0] Heap_lock - owner thread: 0x00000000030d0800

Heap:
 PSYoungGen      total 560640K, used 560362K [0x00000000d5d00000, 0x00000000f8500000, 0x0000000100000000)
  eden space 560128K, 99% used [0x00000000d5d00000,0x00000000f7fd4988,0x00000000f8000000)
  from space 512K, 79% used [0x00000000f8280000,0x00000000f82e5fb0,0x00000000f8300000)
  to   space 2048K, 84% used [0x00000000f8300000,0x00000000f84b0a88,0x00000000f8500000)
 ParOldGen       total 87552K, used 84091K [0x0000000081600000, 0x0000000086b80000, 0x00000000d5d00000)
  object space 87552K, 96% used [0x0000000081600000,0x000000008681ee50,0x0000000086b80000)
 Metaspace       used 3903K, capacity 4716K, committed 4864K, reserved 1056768K
  class space    used 440K, capacity 468K, committed 512K, reserved 1048576K

Card table byte_map: [0x0000000012590000,0x0000000012990000] byte_map_base: 0x0000000012185000

Marking Bits: (ParMarkBitMap*) 0x000000006678f600
 Begin Bits: [0x0000000013440000, 0x00000000153e8000)
 End Bits:   [0x00000000153e8000, 0x0000000017390000)

Polling page: 0x00000000017a0000

CodeCache: size=245760Kb used=3043Kb max_used=3065Kb free=242716Kb
 bounds [0x00000000031d0000, 0x0000000003510000, 0x00000000121d0000]
 total_blobs=702 nmethods=446 adapters=169
 compilation: enabled

Compilation events (10 events):
Event: 68.276 Thread 0x000000001a2a3000  558       4       java.util.TreeMap::navigableKeySet (27 bytes)
Event: 68.276 Thread 0x000000001a296000  559       4       java.util.TreeMap$KeySet::iterator (32 bytes)
Event: 68.277 Thread 0x000000001a2a3000 nmethod 558 0x00000000033ca8d0 code [0x00000000033caa20, 0x00000000033cab18]
Event: 68.278 Thread 0x000000001a296000 nmethod 559 0x00000000032f52d0 code [0x00000000032f5420, 0x00000000032f55b8]
Event: 68.811 Thread 0x000000001a299000  560 %     4       Common.Utils::mergeInvertedFiles @ 227 (646 bytes)
Event: 69.243 Thread 0x000000001a299000 nmethod 560% 0x00000000034e6710 code [0x00000000034e6d20, 0x00000000034ed950]
Event: 69.287 Thread 0x000000001a2a3000  561       4       Common.Utils::mergeInvertedFiles (646 bytes)
Event: 69.576 Thread 0x000000001a2a3000 nmethod 561 0x00000000034f5610 code [0x00000000034f5ee0, 0x00000000034fc848]
Event: 72.837 Thread 0x000000001a296000  562   !   4       java.util.Scanner::readInput (136 bytes)
Event: 72.850 Thread 0x000000001a296000 nmethod 562 0x0000000003418ad0 code [0x0000000003418ca0, 0x0000000003419b30]

GC Heap History (10 events):
Event: 74.625 GC heap after
Heap after GC invocations=939 (full 0):
 PSYoungGen      total 271360K, used 64K [0x00000000d5d00000, 0x00000000f8800000, 0x0000000100000000)
  eden space 269312K, 0% used [0x00000000d5d00000,0x00000000d5d00000,0x00000000e6400000)
  from space 2048K, 3% used [0x00000000f8400000,0x00000000f8410000,0x00000000f8600000)
  to   space 2048K, 0% used [0x00000000f8600000,0x00000000f8600000,0x00000000f8800000)
 ParOldGen       total 87552K, used 81753K [0x0000000081600000, 0x0000000086b80000, 0x00000000d5d00000)
  object space 87552K, 93% used [0x0000000081600000,0x00000000865d6418,0x0000000086b80000)
 Metaspace       used 3903K, capacity 4716K, committed 4864K, reserved 1056768K
  class space    used 440K, capacity 468K, committed 512K, reserved 1048576K
}
Event: 74.692 GC heap before
{Heap before GC invocations=940 (full 0):
 PSYoungGen      total 271360K, used 269303K [0x00000000d5d00000, 0x00000000f8800000, 0x0000000100000000)
  eden space 269312K, 99% used [0x00000000d5d00000,0x00000000e63edfd0,0x00000000e6400000)
  from space 2048K, 3% used [0x00000000f8400000,0x00000000f8410000,0x00000000f8600000)
  to   space 2048K, 0% used [0x00000000f8600000,0x00000000f8600000,0x00000000f8800000)
 ParOldGen       total 87552K, used 81753K [0x0000000081600000, 0x0000000086b80000, 0x00000000d5d00000)
  object space 87552K, 93% used [0x0000000081600000,0x00000000865d6418,0x0000000086b80000)
 Metaspace       used 3903K, capacity 4716K, committed 4864K, reserved 1056768K
  class space    used 440K, capacity 468K, committed 512K, reserved 1048576K
Event: 74.694 GC heap after
Heap after GC invocations=940 (full 0):
 PSYoungGen      total 325120K, used 1274K [0x00000000d5d00000, 0x00000000f8780000, 0x0000000100000000)
  eden space 323584K, 0% used [0x00000000d5d00000,0x00000000d5d00000,0x00000000e9900000)
  from space 1536K, 83% used [0x00000000f8600000,0x00000000f873ebb0,0x00000000f8780000)
  to   space 2048K, 0% used [0x00000000f8380000,0x00000000f8380000,0x00000000f8580000)
 ParOldGen       total 87552K, used 81753K [0x0000000081600000, 0x0000000086b80000, 0x00000000d5d00000)
  object space 87552K, 93% used [0x0000000081600000,0x00000000865d6418,0x0000000086b80000)
 Metaspace       used 3903K, capacity 4716K, committed 4864K, reserved 1056768K
  class space    used 440K, capacity 468K, committed 512K, reserved 1048576K
}
Event: 74.777 GC heap before
{Heap before GC invocations=941 (full 0):
 PSYoungGen      total 325120K, used 324620K [0x00000000d5d00000, 0x00000000f8780000, 0x0000000100000000)
  eden space 323584K, 99% used [0x00000000d5d00000,0x00000000e98c4758,0x00000000e9900000)
  from space 1536K, 83% used [0x00000000f8600000,0x00000000f873ebb0,0x00000000f8780000)
  to   space 2048K, 0% used [0x00000000f8380000,0x00000000f8380000,0x00000000f8580000)
 ParOldGen       total 87552K, used 81753K [0x0000000081600000, 0x0000000086b80000, 0x00000000d5d00000)
  object space 87552K, 93% used [0x0000000081600000,0x00000000865d6418,0x0000000086b80000)
 Metaspace       used 3903K, capacity 4716K, committed 4864K, reserved 1056768K
  class space    used 440K, capacity 468K, committed 512K, reserved 1048576K
Event: 74.779 GC heap after
Heap after GC invocations=941 (full 0):
 PSYoungGen      total 389120K, used 301K [0x00000000d5d00000, 0x00000000f8680000, 0x0000000100000000)
  eden space 388608K, 0% used [0x00000000d5d00000,0x00000000d5d00000,0x00000000ed880000)
  from space 512K, 58% used [0x00000000f8380000,0x00000000f83cb7a0,0x00000000f8400000)
  to   space 2048K, 0% used [0x00000000f8480000,0x00000000f8480000,0x00000000f8680000)
 ParOldGen       total 87552K, used 82762K [0x0000000081600000, 0x0000000086b80000, 0x00000000d5d00000)
  object space 87552K, 94% used [0x0000000081600000,0x00000000866d2868,0x0000000086b80000)
 Metaspace       used 3903K, capacity 4716K, committed 4864K, reserved 1056768K
  class space    used 440K, capacity 468K, committed 512K, reserved 1048576K
}
Event: 74.878 GC heap before
{Heap before GC invocations=942 (full 0):
 PSYoungGen      total 389120K, used 388720K [0x00000000d5d00000, 0x00000000f8680000, 0x0000000100000000)
  eden space 388608K, 99% used [0x00000000d5d00000,0x00000000ed850c38,0x00000000ed880000)
  from space 512K, 58% used [0x00000000f8380000,0x00000000f83cb7a0,0x00000000f8400000)
  to   space 2048K, 0% used [0x00000000f8480000,0x00000000f8480000,0x00000000f8680000)
 ParOldGen       total 87552K, used 82762K [0x0000000081600000, 0x0000000086b80000, 0x00000000d5d00000)
  object space 87552K, 94% used [0x0000000081600000,0x00000000866d2868,0x0000000086b80000)
 Metaspace       used 3903K, capacity 4716K, committed 4864K, reserved 1056768K
  class space    used 440K, capacity 468K, committed 512K, reserved 1048576K
Event: 74.879 GC heap after
Heap after GC invocations=942 (full 0):
 PSYoungGen      total 468480K, used 1617K [0x00000000d5d00000, 0x00000000f8680000, 0x0000000100000000)
  eden space 466432K, 0% used [0x00000000d5d00000,0x00000000d5d00000,0x00000000f2480000)
  from space 2048K, 78% used [0x00000000f8480000,0x00000000f8614638,0x00000000f8680000)
  to   space 2048K, 0% used [0x00000000f8280000,0x00000000f8280000,0x00000000f8480000)
 ParOldGen       total 87552K, used 82762K [0x0000000081600000, 0x0000000086b80000, 0x00000000d5d00000)
  object space 87552K, 94% used [0x0000000081600000,0x00000000866d2868,0x0000000086b80000)
 Metaspace       used 3903K, capacity 4716K, committed 4864K, reserved 1056768K
  class space    used 440K, capacity 468K, committed 512K, reserved 1048576K
}
Event: 75.003 GC heap before
{Heap before GC invocations=943 (full 0):
 PSYoungGen      total 468480K, used 467878K [0x00000000d5d00000, 0x00000000f8680000, 0x0000000100000000)
  eden space 466432K, 99% used [0x00000000d5d00000,0x00000000f24553b8,0x00000000f2480000)
  from space 2048K, 78% used [0x00000000f8480000,0x00000000f8614638,0x00000000f8680000)
  to   space 2048K, 0% used [0x00000000f8280000,0x00000000f8280000,0x00000000f8480000)
 ParOldGen       total 87552K, used 82762K [0x0000000081600000, 0x0000000086b80000, 0x00000000d5d00000)
  object space 87552K, 94% used [0x0000000081600000,0x00000000866d2868,0x0000000086b80000)
 Metaspace       used 3903K, capacity 4716K, committed 4864K, reserved 1056768K
  class space    used 440K, capacity 468K, committed 512K, reserved 1048576K
Event: 75.004 GC heap after
Heap after GC invocations=943 (full 0):
 PSYoungGen      total 560640K, used 407K [0x00000000d5d00000, 0x00000000f8500000, 0x0000000100000000)
  eden space 560128K, 0% used [0x00000000d5d00000,0x00000000d5d00000,0x00000000f8000000)
  from space 512K, 79% used [0x00000000f8280000,0x00000000f82e5fb0,0x00000000f8300000)
  to   space 2048K, 0% used [0x00000000f8300000,0x00000000f8300000,0x00000000f8500000)
 ParOldGen       total 87552K, used 84091K [0x0000000081600000, 0x0000000086b80000, 0x00000000d5d00000)
  object space 87552K, 96% used [0x0000000081600000,0x000000008681ee50,0x0000000086b80000)
 Metaspace       used 3903K, capacity 4716K, committed 4864K, reserved 1056768K
  class space    used 440K, capacity 468K, committed 512K, reserved 1048576K
}
Event: 75.142 GC heap before
{Heap before GC invocations=944 (full 0):
 PSYoungGen      total 560640K, used 560362K [0x00000000d5d00000, 0x00000000f8500000, 0x0000000100000000)
  eden space 560128K, 99% used [0x00000000d5d00000,0x00000000f7fd4988,0x00000000f8000000)
  from space 512K, 79% used [0x00000000f8280000,0x00000000f82e5fb0,0x00000000f8300000)
  to   space 2048K, 0% used [0x00000000f8300000,0x00000000f8300000,0x00000000f8500000)
 ParOldGen       total 87552K, used 84091K [0x0000000081600000, 0x0000000086b80000, 0x00000000d5d00000)
  object space 87552K, 96% used [0x0000000081600000,0x000000008681ee50,0x0000000086b80000)
 Metaspace       used 3903K, capacity 4716K, committed 4864K, reserved 1056768K
  class space    used 440K, capacity 468K, committed 512K, reserved 1048576K

Deoptimization events (10 events):
Event: 12.296 Thread 0x00000000030d0800 Uncommon trap: reason=unstable_if action=reinterpret pc=0x00000000034a1360 method=Common.Utils.mergeInvertedFiles(Ljava/io/File;Ljava/io/File;Ljava/io/File;)V @ 453
Event: 12.299 Thread 0x00000000030d0800 Uncommon trap: reason=class_check action=maybe_recompile pc=0x00000000033557f8 method=java.lang.String.valueOf(Ljava/lang/Object;)Ljava/lang/String; @ 10
Event: 12.329 Thread 0x00000000030d0800 Uncommon trap: reason=class_check action=maybe_recompile pc=0x00000000034695ec method=java.util.regex.Pattern$CharProperty.match(Ljava/util/regex/Matcher;ILjava/lang/CharSequence;)Z @ 37
Event: 12.971 Thread 0x00000000030d0800 Uncommon trap: reason=class_check action=maybe_recompile pc=0x00000000034695ec method=java.util.regex.Pattern$CharProperty.match(Ljava/util/regex/Matcher;ILjava/lang/CharSequence;)Z @ 37
Event: 14.134 Thread 0x00000000030d0800 Uncommon trap: reason=class_check action=maybe_recompile pc=0x00000000034695ec method=java.util.regex.Pattern$CharProperty.match(Ljava/util/regex/Matcher;ILjava/lang/CharSequence;)Z @ 37
Event: 14.475 Thread 0x00000000030d0800 Uncommon trap: reason=class_check action=maybe_recompile pc=0x00000000033557f8 method=java.lang.String.valueOf(Ljava/lang/Object;)Ljava/lang/String; @ 10
Event: 15.216 Thread 0x00000000030d0800 Uncommon trap: reason=unstable_if action=reinterpret pc=0x000000000342f010 method=java.util.ComparableTimSort.mergeLo(IIII)V @ 87
Event: 23.894 Thread 0x00000000030d0800 Uncommon trap: reason=unstable_if action=reinterpret pc=0x0000000003322364 method=java.util.regex.Pattern$Dot.isSatisfiedBy(I)Z @ 25
Event: 24.317 Thread 0x00000000030d0800 Uncommon trap: reason=class_check action=maybe_recompile pc=0x00000000033557f8 method=java.lang.String.valueOf(Ljava/lang/Object;)Ljava/lang/String; @ 10
Event: 65.511 Thread 0x00000000030d0800 Uncommon trap: reason=unstable_if action=reinterpret pc=0x00000000034baa30 method=Common.Utils.mergeInvertedFiles(Ljava/io/File;Ljava/io/File;Ljava/io/File;)V @ 548

Internal exceptions (6 events):
Event: 0.028 Thread 0x00000000030d0800 Exception <a 'java/lang/NoSuchMethodError': Method sun.misc.Unsafe.defineClass(Ljava/lang/String;[BII)Ljava/lang/Class; name or signature does not match> (0x00000000d5d0d310) thrown at [C:\re\workspace\8-2-build-windows-amd64-cygwin\jdk8u71\5731\hotspot\srx∏§-$6ù?
Event: 0.029 Thread 0x00000000030d0800 Exception <a 'java/lang/NoSuchMethodError': Method sun.misc.Unsafe.prefetchRead(Ljava/lang/Object;J)V name or signature does not match> (0x00000000d5d0d5f8) thrown at [C:\re\workspace\8-2-build-windows-amd64-cygwin\jdk8u71\5731\hotspot\src\share\vm\prims\jÙ≠b≈∏qµ?
Event: 0.084 Thread 0x00000000030d0800 Exception <a 'java/security/PrivilegedActionException'> (0x00000000d5f14058) thrown at [C:\re\workspace\8-2-build-windows-amd64-cygwin\jdk8u71\5731\hotspot\src\share\vm\prims\jvm.cpp, line 1386]
Event: 0.084 Thread 0x00000000030d0800 Exception <a 'java/security/PrivilegedActionException'> (0x00000000d5f14450) thrown at [C:\re\workspace\8-2-build-windows-amd64-cygwin\jdk8u71\5731\hotspot\src\share\vm\prims\jvm.cpp, line 1386]
Event: 0.084 Thread 0x00000000030d0800 Exception <a 'java/security/PrivilegedActionException'> (0x00000000d5f181e0) thrown at [C:\re\workspace\8-2-build-windows-amd64-cygwin\jdk8u71\5731\hotspot\src\share\vm\prims\jvm.cpp, line 1386]
Event: 0.084 Thread 0x00000000030d0800 Exception <a 'java/security/PrivilegedActionException'> (0x00000000d5f185d8) thrown at [C:\re\workspace\8-2-build-windows-amd64-cygwin\jdk8u71\5731\hotspot\src\share\vm\prims\jvm.cpp, line 1386]

Events (10 events):
Event: 74.625 Executing VM operation: ParallelGCFailedAllocation done
Event: 74.692 Executing VM operation: ParallelGCFailedAllocation
Event: 74.694 Executing VM operation: ParallelGCFailedAllocation done
Event: 74.777 Executing VM operation: ParallelGCFailedAllocation
Event: 74.779 Executing VM operation: ParallelGCFailedAllocation done
Event: 74.878 Executing VM operation: ParallelGCFailedAllocation
Event: 74.879 Executing VM operation: ParallelGCFailedAllocation done
Event: 75.003 Executing VM operation: ParallelGCFailedAllocation
Event: 75.005 Executing VM operation: ParallelGCFailedAllocation done
Event: 75.142 Executing VM operation: ParallelGCFailedAllocation


Dynamic libraries:
0x00007ff7ab9f0000 - 0x00007ff7aba27000 	C:\Program Files\Java\jre1.8.0_71\bin\javaw.exe
0x00007ff8a1800000 - 0x00007ff8a19d1000 	C:\WINDOWS\SYSTEM32\ntdll.dll
0x00007ff8a1620000 - 0x00007ff8a16cb000 	C:\WINDOWS\System32\KERNEL32.DLL
0x00007ff89e880000 - 0x00007ff89ea9d000 	C:\WINDOWS\System32\KERNELBASE.dll
0x00007ff8a12e0000 - 0x00007ff8a1382000 	C:\WINDOWS\System32\ADVAPI32.dll
0x00007ff8a14b0000 - 0x00007ff8a154e000 	C:\WINDOWS\System32\msvcrt.dll
0x00007ff8a15c0000 - 0x00007ff8a1619000 	C:\WINDOWS\System32\sechost.dll
0x00007ff89f320000 - 0x00007ff89f441000 	C:\WINDOWS\System32\RPCRT4.dll
0x00007ff8a0960000 - 0x00007ff8a0ac5000 	C:\WINDOWS\System32\USER32.dll
0x00007ff89ebc0000 - 0x00007ff89ebde000 	C:\WINDOWS\System32\win32u.dll
0x00007ff8a0ad0000 - 0x00007ff8a0b04000 	C:\WINDOWS\System32\GDI32.dll
0x00007ff89dec0000 - 0x00007ff89e042000 	C:\WINDOWS\System32\gdi32full.dll
0x00007ff899e50000 - 0x00007ff89a0ca000 	C:\WINDOWS\WinSxS\amd64_microsoft.windows.common-controls_6595b64144ccf1df_6.0.14393.351_none_4213128bc687e6d3\COMCTL32.dll
0x00007ff8a0f50000 - 0x00007ff8a1217000 	C:\WINDOWS\System32\combase.dll
0x00007ff89ec40000 - 0x00007ff89ed35000 	C:\WINDOWS\System32\ucrtbase.dll
0x00007ff89eaa0000 - 0x00007ff89eb0a000 	C:\WINDOWS\System32\bcryptPrimitives.dll
0x00007ff89f2f0000 - 0x00007ff89f31e000 	C:\WINDOWS\System32\IMM32.DLL
0x0000000065ea0000 - 0x0000000065f72000 	C:\Program Files\Java\jre1.8.0_71\bin\msvcr100.dll
0x0000000065f80000 - 0x000000006680f000 	C:\Program Files\Java\jre1.8.0_71\bin\server\jvm.dll
0x00007ff89f000000 - 0x00007ff89f008000 	C:\WINDOWS\System32\PSAPI.DLL
0x00007ff882390000 - 0x00007ff882399000 	C:\WINDOWS\SYSTEM32\WSOCK32.dll
0x00007ff89a0e0000 - 0x00007ff89a0ea000 	C:\WINDOWS\SYSTEM32\VERSION.dll
0x00007ff89bac0000 - 0x00007ff89bae3000 	C:\WINDOWS\SYSTEM32\WINMM.dll
0x00007ff8a1790000 - 0x00007ff8a17fa000 	C:\WINDOWS\System32\WS2_32.dll
0x00007ff89ba40000 - 0x00007ff89ba6b000 	C:\WINDOWS\SYSTEM32\WINMMBASE.dll
0x00007ff89ed40000 - 0x00007ff89ed82000 	C:\WINDOWS\System32\cfgmgr32.dll
0x0000000065e90000 - 0x0000000065e9f000 	C:\Program Files\Java\jre1.8.0_71\bin\verify.dll
0x0000000065e60000 - 0x0000000065e89000 	C:\Program Files\Java\jre1.8.0_71\bin\java.dll
0x0000000065e40000 - 0x0000000065e56000 	C:\Program Files\Java\jre1.8.0_71\bin\zip.dll
0x00007ff89f450000 - 0x00007ff8a0959000 	C:\WINDOWS\System32\SHELL32.dll
0x00007ff89e1a0000 - 0x00007ff89e87a000 	C:\WINDOWS\System32\windows.storage.dll
0x00007ff89dca0000 - 0x00007ff89dcec000 	C:\WINDOWS\System32\powrprof.dll
0x00007ff89eda0000 - 0x00007ff89edf2000 	C:\WINDOWS\System32\shlwapi.dll
0x00007ff89dc80000 - 0x00007ff89dc8f000 	C:\WINDOWS\System32\kernel.appcore.dll
0x00007ff89e0f0000 - 0x00007ff89e199000 	C:\WINDOWS\System32\shcore.dll
0x00007ff89dc60000 - 0x00007ff89dc74000 	C:\WINDOWS\System32\profapi.dll
0x0000000065e20000 - 0x0000000065e3a000 	C:\Program Files\Java\jre1.8.0_71\bin\net.dll
0x00007ff89d490000 - 0x00007ff89d4ec000 	C:\WINDOWS\system32\mswsock.dll
0x0000000065e00000 - 0x0000000065e11000 	C:\Program Files\Java\jre1.8.0_71\bin\nio.dll
0x00007ff88f980000 - 0x00007ff88fb12000 	C:\WINDOWS\SYSTEM32\dbghelp.dll

VM Arguments:
jvm_args: -Dfile.encoding=UTF-8 
java_command: Main.IndexGenerator
java_class_path (initial): C:\Users\akhou\OneDrive\Documents\Master\REI\SearchEngine\bin
Launcher Type: SUN_STANDARD

Environment Variables:
PATH=C:/Program Files/Java/jre1.8.0_71/bin/server;C:/Program Files/Java/jre1.8.0_71/bin;C:/Program Files/Java/jre1.8.0_71/lib/amd64;C:\ProgramData\Oracle\Java\javapath;C:\Windows\system32;C:\Windows;C:\Windows\System32\Wbem;C:\Windows\System32\WindowsPowerShell\v1.0\;C:\Program Files (x86)\NVIDIA Corporation\PhysX\Common;C:\Program Files\Java\jre1.8.0_66\bin\;C:\Program Files\openssl-0.9.8k_X64\bin\;C:\Program Files (x86)\Calibre2\;C:\Program Files (x86)\Skype\Phone\;C:\Program Files\Java\jdk1.8.0_66\bin\;;%SystemRoot%\system32;%SystemRoot%;%SystemRoot%\System32\Wbem;%SYSTEMROOT%\System32\WindowsPowerShell\v1.0\;C:\Users\akhou\Anaconda2;C:\Users\akhou\Anaconda2\Scripts;C:\Users\akhou\Anaconda2\Library\bin;C:\Users\akhou\AppData\Local\Pandoc\;C:\Program Files\MongoDB\Server\3.2\bin\;%USERPROFILE%\AppData\Local\Microsoft\WindowsApps;;C:\Users\akhou\Desktop;
USERNAME=akhou
OS=Windows_NT
PROCESSOR_IDENTIFIER=Intel64 Family 6 Model 60 Stepping 3, GenuineIntel



---------------  S Y S T E M  ---------------

OS: Windows 10.0 , 64 bit Build 14393 (10.0.14393.0)

CPU:total 8 (4 cores per cpu, 2 threads per core) family 6 model 60 stepping 3, cmov, cx8, fxsr, mmx, sse, sse2, sse3, ssse3, sse4.1, sse4.2, popcnt, avx, avx2, aes, clmul, erms, lzcnt, ht, tsc, tscinvbit, bmi1, bmi2

Memory: 4k page, physical 8293468k(2878988k free), swap 16682076k(9293556k free)

vm_info: Java HotSpot(TM) 64-Bit Server VM (25.71-b15) for windows-amd64 JRE (1.8.0_71-b15), built on Dec 22 2015 18:15:55 by "java_re" with MS VC++ 10.0 (VS2010)

time: Sun Oct 30 18:29:42 2016
elapsed time: 75 seconds (0d 0h 1m 15s)

