#
# A fatal error has been detected by the Java Runtime Environment:
#
#  EXCEPTION_ACCESS_VIOLATION (0xc0000005) at pc=0x00000000025f35ca, pid=8508, tid=11152
#
# JRE version: Java(TM) SE Runtime Environment (8.0_71-b15) (build 1.8.0_71-b15)
# Java VM: Java HotSpot(TM) 64-Bit Server VM (25.71-b15 mixed mode windows-amd64 compressed oops)
# Problematic frame:
# j  java.lang.String.compareTo(Ljava/lang/Object;)I+2
#
# Failed to write core dump. Minidumps are not enabled by default on client versions of Windows
#
# If you would like to submit a bug report, please visit:
#   http://bugreport.java.com/bugreport/crash.jsp
#

---------------  T H R E A D  ---------------

Current thread (0x00000000024d0800):  JavaThread "main" [_thread_in_Java, id=11152, stack(0x0000000002360000,0x0000000002460000)]

siginfo: ExceptionCode=0xc0000005, reading address 0x0000000348031030

Registers:
RAX=0x00000001000016d0, RBX=0x0000000348031000, RCX=0x0000000000000030, RDX=0x0000000000750065
RSP=0x000000000245f3c8, RBP=0x000000000245f410, RSI=0x00000000197ca418, RDI=0x0000000000000001
R8 =0x00000000022e0e40, R9 =0x0000000000000000, R10=0x0000000075e5a9e0, R11=0x000000000245f380
R12=0x0000000000000000, R13=0x0000000016bc72e2, R14=0x000000000245f428, R15=0x00000000024d0800
RIP=0x00000000025f35ca, EFLAGS=0x0000000000010206

Top of Stack: (sp=0x000000000245f3c8)
0x000000000245f3c8:   00000000da59dc38 000000000245f3d0
0x000000000245f3d8:   0000000016bc72e2 000000000245f428
0x000000000245f3e8:   0000000016c67b20 0000000016dfa8d8
0x000000000245f3f8:   0000000016bc72f0 0000000000000000
0x000000000245f408:   000000000245f420 000000000245f470
0x000000000245f418:   00000000025d7775 0000000000000000
0x000000000245f428:   0000000000000000 000000000245f430
0x000000000245f438:   0000000016d9eef4 000000000245f4a0
0x000000000245f448:   0000000016da33b0 0000000016dfb320
0x000000000245f458:   0000000016d9ef20 000000000245f420
0x000000000245f468:   000000000245f498 000000000245f4e8
0x000000000245f478:   00000000025d7a70 0000000000000000
0x000000000245f488:   00000000e0bf2818 00000000da59dc38
0x000000000245f498:   0000000000000000 0000000000000000
0x000000000245f4a8:   000000000245f4a8 0000000016d9ea22
0x000000000245f4b8:   000000000245f500 0000000016da33b0 

Instructions: (pc=0x00000000025f35ca)
0x00000000025f35aa:   89 59 10 bf 01 00 00 00 48 89 79 18 48 83 c1 30
0x00000000025f35ba:   48 89 4d e0 48 3b d8 0f 84 5b 00 00 00 8b 48 0c
0x00000000025f35ca:   48 3b 04 0b 0f 84 4e 00 00 00 83 f9 18 0f 85 22
0x00000000025f35da:   00 00 00 50 48 8b c0 57 48 8b 7b 20 8b 0f 48 83 


Register to memory mapping:

RAX=0x00000001000016d0 is pointing into metadata
RBX=0x0000000348031000 is an unknown value
RCX=0x0000000000000030 is an unknown value
RDX=0x0000000000750065 is an unknown value
RSP=0x000000000245f3c8 is pointing into the stack for thread: 0x00000000024d0800
RBP=0x000000000245f410 is pointing into the stack for thread: 0x00000000024d0800
RSI=0x00000000197ca418 is an unknown value
RDI=0x0000000000000001 is an unknown value
R8 =0x00000000022e0e40 is an unknown value
R9 =0x0000000000000000 is an unknown value
R10=0x0000000075e5a9e0 is an unknown value
R11=0x000000000245f380 is pointing into the stack for thread: 0x00000000024d0800
R12=0x0000000000000000 is an unknown value
R13=0x0000000016bc72e2 is pointing into metadata
R14=0x000000000245f428 is pointing into the stack for thread: 0x00000000024d0800
R15=0x00000000024d0800 is a thread


Stack: [0x0000000002360000,0x0000000002460000],  sp=0x000000000245f3c8,  free space=1020k
Native frames: (J=compiled Java code, j=interpreted, Vv=VM code, C=native code)
C  0x00000000025f35ca


---------------  P R O C E S S  ---------------

Java Threads: ( => current thread )
  0x000000001975c800 JavaThread "Service Thread" daemon [_thread_blocked, id=10976, stack(0x000000001a090000,0x000000001a190000)]
  0x00000000196c9000 JavaThread "C1 CompilerThread3" daemon [_thread_blocked, id=10384, stack(0x0000000019f90000,0x000000001a090000)]
  0x00000000196c6000 JavaThread "C2 CompilerThread2" daemon [_thread_blocked, id=8576, stack(0x0000000019e90000,0x0000000019f90000)]
  0x00000000196b8800 JavaThread "C2 CompilerThread1" daemon [_thread_blocked, id=620, stack(0x0000000019d90000,0x0000000019e90000)]
  0x00000000196b5800 JavaThread "C2 CompilerThread0" daemon [_thread_blocked, id=4076, stack(0x0000000019c90000,0x0000000019d90000)]
  0x00000000196b4000 JavaThread "Attach Listener" daemon [_thread_blocked, id=4500, stack(0x0000000019b90000,0x0000000019c90000)]
  0x00000000196b3000 JavaThread "Signal Dispatcher" daemon [_thread_blocked, id=7284, stack(0x0000000019a90000,0x0000000019b90000)]
  0x00000000025c8800 JavaThread "Finalizer" daemon [_thread_blocked, id=6352, stack(0x0000000019480000,0x0000000019580000)]
  0x00000000025c2000 JavaThread "Reference Handler" daemon [_thread_blocked, id=4164, stack(0x0000000019380000,0x0000000019480000)]
=>0x00000000024d0800 JavaThread "main" [_thread_in_Java, id=11152, stack(0x0000000002360000,0x0000000002460000)]

Other Threads:
  0x00000000175a9000 VMThread [stack: 0x0000000019280000,0x0000000019380000] [id=2376]
  0x0000000019779800 WatcherThread [stack: 0x000000001a190000,0x000000001a290000] [id=6160]

VM state:not at safepoint (normal execution)

VM Mutex/Monitor currently owned by a thread: None

Heap:
 PSYoungGen      total 651776K, used 309451K [0x00000000d5d00000, 0x00000000fef00000, 0x0000000100000000)
  eden space 645120K, 47% used [0x00000000d5d00000,0x00000000e8adb808,0x00000000fd300000)
  from space 6656K, 5% used [0x00000000fd300000,0x00000000fd357460,0x00000000fd980000)
  to   space 6144K, 0% used [0x00000000fe900000,0x00000000fe900000,0x00000000fef00000)
 ParOldGen       total 89600K, used 72771K [0x0000000081600000, 0x0000000086d80000, 0x00000000d5d00000)
  object space 89600K, 81% used [0x0000000081600000,0x0000000085d10dc8,0x0000000086d80000)
 Metaspace       used 3359K, capacity 4664K, committed 4864K, reserved 1056768K
  class space    used 372K, capacity 424K, committed 512K, reserved 1048576K

Card table byte_map: [0x0000000011990000,0x0000000011d90000] byte_map_base: 0x0000000011585000

Marking Bits: (ParMarkBitMap*) 0x0000000075e6f600
 Begin Bits: [0x0000000012840000, 0x00000000147e8000)
 End Bits:   [0x00000000147e8000, 0x0000000016790000)

Polling page: 0x0000000000ba0000

CodeCache: size=245760Kb used=3700Kb max_used=4049Kb free=242059Kb
 bounds [0x00000000025d0000, 0x00000000029d0000, 0x00000000115d0000]
 total_blobs=725 nmethods=489 adapters=149
 compilation: enabled

Compilation events (10 events):
Event: 132.262 Thread 0x00000000196c9000  570       1       java.text.StringCharacterIterator::getIndex (5 bytes)
Event: 132.262 Thread 0x00000000196c9000 nmethod 570 0x00000000026e3550 code [0x00000000026e36a0, 0x00000000026e37b0]
Event: 132.650 Thread 0x00000000196c9000  571       3       org.tartarus.snowball.SnowballProgram::in_grouping_b (80 bytes)
Event: 132.650 Thread 0x00000000196c9000 nmethod 571 0x00000000026ea6d0 code [0x00000000026ea880, 0x00000000026eaf08]
Event: 139.320 Thread 0x00000000196c9000  572       3       java.lang.String::toLowerCase (439 bytes)
Event: 139.321 Thread 0x00000000196b8800  573       4       java.lang.Character::toLowerCase (6 bytes)
Event: 139.322 Thread 0x00000000196c9000 nmethod 572 0x0000000002730e90 code [0x0000000002731200, 0x0000000002732e28]
Event: 139.322 Thread 0x00000000196b8800 nmethod 573 0x000000000274ab90 code [0x000000000274ace0, 0x000000000274add8]
Event: 139.333 Thread 0x00000000196c6000  574       4       java.lang.String::toLowerCase (439 bytes)
Event: 139.359 Thread 0x00000000196c6000 nmethod 574 0x0000000002721ed0 code [0x0000000002722260, 0x0000000002723630]

GC Heap History (10 events):
Event: 143.664 GC heap before
{Heap before GC invocations=215 (full 6):
 PSYoungGen      total 580608K, used 580450K [0x00000000d5d00000, 0x00000000fed00000, 0x0000000100000000)
  eden space 580096K, 100% used [0x00000000d5d00000,0x00000000f9380000,0x00000000f9380000)
  from space 512K, 69% used [0x00000000fec80000,0x00000000fecd8a50,0x00000000fed00000)
  to   space 8192K, 0% used [0x00000000fdd00000,0x00000000fdd00000,0x00000000fe500000)
 ParOldGen       total 89600K, used 72459K [0x0000000081600000, 0x0000000086d80000, 0x00000000d5d00000)
  object space 89600K, 80% used [0x0000000081600000,0x0000000085cc2dc8,0x0000000086d80000)
 Metaspace       used 3359K, capacity 4664K, committed 4864K, reserved 1056768K
  class space    used 372K, capacity 424K, committed 512K, reserved 1048576K
Event: 143.665 GC heap after
Heap after GC invocations=215 (full 6):
 PSYoungGen      total 562176K, used 329K [0x00000000d5d00000, 0x00000000fed00000, 0x0000000100000000)
  eden space 553984K, 0% used [0x00000000d5d00000,0x00000000d5d00000,0x00000000f7a00000)
  from space 8192K, 4% used [0x00000000fdd00000,0x00000000fdd52658,0x00000000fe500000)
  to   space 7680K, 0% used [0x00000000fe580000,0x00000000fe580000,0x00000000fed00000)
 ParOldGen       total 89600K, used 72515K [0x0000000081600000, 0x0000000086d80000, 0x00000000d5d00000)
  object space 89600K, 80% used [0x0000000081600000,0x0000000085cd0dc8,0x0000000086d80000)
 Metaspace       used 3359K, capacity 4664K, committed 4864K, reserved 1056768K
  class space    used 372K, capacity 424K, committed 512K, reserved 1048576K
}
Event: 143.802 GC heap before
{Heap before GC invocations=216 (full 6):
 PSYoungGen      total 562176K, used 554313K [0x00000000d5d00000, 0x00000000fed00000, 0x0000000100000000)
  eden space 553984K, 100% used [0x00000000d5d00000,0x00000000f7a00000,0x00000000f7a00000)
  from space 8192K, 4% used [0x00000000fdd00000,0x00000000fdd52658,0x00000000fe500000)
  to   space 7680K, 0% used [0x00000000fe580000,0x00000000fe580000,0x00000000fed00000)
 ParOldGen       total 89600K, used 72515K [0x0000000081600000, 0x0000000086d80000, 0x00000000d5d00000)
  object space 89600K, 80% used [0x0000000081600000,0x0000000085cd0dc8,0x0000000086d80000)
 Metaspace       used 3359K, capacity 4664K, committed 4864K, reserved 1056768K
  class space    used 372K, capacity 424K, committed 512K, reserved 1048576K
Event: 143.803 GC heap after
Heap after GC invocations=216 (full 6):
 PSYoungGen      total 529408K, used 286K [0x00000000d5d00000, 0x00000000fe600000, 0x0000000100000000)
  eden space 528896K, 0% used [0x00000000d5d00000,0x00000000d5d00000,0x00000000f6180000)
  from space 512K, 55% used [0x00000000fe580000,0x00000000fe5c7988,0x00000000fe600000)
  to   space 7168K, 0% used [0x00000000fd800000,0x00000000fd800000,0x00000000fdf00000)
 ParOldGen       total 89600K, used 72579K [0x0000000081600000, 0x0000000086d80000, 0x00000000d5d00000)
  object space 89600K, 81% used [0x0000000081600000,0x0000000085ce0dc8,0x0000000086d80000)
 Metaspace       used 3359K, capacity 4664K, committed 4864K, reserved 1056768K
  class space    used 372K, capacity 424K, committed 512K, reserved 1048576K
}
Event: 143.917 GC heap before
{Heap before GC invocations=217 (full 6):
 PSYoungGen      total 529408K, used 529182K [0x00000000d5d00000, 0x00000000fe600000, 0x0000000100000000)
  eden space 528896K, 100% used [0x00000000d5d00000,0x00000000f6180000,0x00000000f6180000)
  from space 512K, 55% used [0x00000000fe580000,0x00000000fe5c7988,0x00000000fe600000)
  to   space 7168K, 0% used [0x00000000fd800000,0x00000000fd800000,0x00000000fdf00000)
 ParOldGen       total 89600K, used 72579K [0x0000000081600000, 0x0000000086d80000, 0x00000000d5d00000)
  object space 89600K, 81% used [0x0000000081600000,0x0000000085ce0dc8,0x0000000086d80000)
 Metaspace       used 3359K, capacity 4664K, committed 4864K, reserved 1056768K
  class space    used 372K, capacity 424K, committed 512K, reserved 1048576K
Event: 143.918 GC heap after
Heap after GC invocations=217 (full 6):
 PSYoungGen      total 512512K, used 292K [0x00000000d5d00000, 0x00000000fe600000, 0x0000000100000000)
  eden space 505344K, 0% used [0x00000000d5d00000,0x00000000d5d00000,0x00000000f4a80000)
  from space 7168K, 4% used [0x00000000fd800000,0x00000000fd849368,0x00000000fdf00000)
  to   space 6656K, 0% used [0x00000000fdf80000,0x00000000fdf80000,0x00000000fe600000)
 ParOldGen       total 89600K, used 72643K [0x0000000081600000, 0x0000000086d80000, 0x00000000d5d00000)
  object space 89600K, 81% used [0x0000000081600000,0x0000000085cf0dc8,0x0000000086d80000)
 Metaspace       used 3359K, capacity 4664K, committed 4864K, reserved 1056768K
  class space    used 372K, capacity 424K, committed 512K, reserved 1048576K
}
Event: 144.031 GC heap before
{Heap before GC invocations=218 (full 6):
 PSYoungGen      total 512512K, used 505636K [0x00000000d5d00000, 0x00000000fe600000, 0x0000000100000000)
  eden space 505344K, 100% used [0x00000000d5d00000,0x00000000f4a80000,0x00000000f4a80000)
  from space 7168K, 4% used [0x00000000fd800000,0x00000000fd849368,0x00000000fdf00000)
  to   space 6656K, 0% used [0x00000000fdf80000,0x00000000fdf80000,0x00000000fe600000)
 ParOldGen       total 89600K, used 72643K [0x0000000081600000, 0x0000000086d80000, 0x00000000d5d00000)
  object space 89600K, 81% used [0x0000000081600000,0x0000000085cf0dc8,0x0000000086d80000)
 Metaspace       used 3359K, capacity 4664K, committed 4864K, reserved 1056768K
  class space    used 372K, capacity 424K, committed 512K, reserved 1048576K
Event: 144.032 GC heap after
Heap after GC invocations=218 (full 6):
 PSYoungGen      total 579072K, used 192K [0x00000000d5d00000, 0x00000000fe000000, 0x0000000100000000)
  eden space 578560K, 0% used [0x00000000d5d00000,0x00000000d5d00000,0x00000000f9200000)
  from space 512K, 37% used [0x00000000fdf80000,0x00000000fdfb0000,0x00000000fe000000)
  to   space 6656K, 0% used [0x00000000fd300000,0x00000000fd300000,0x00000000fd980000)
 ParOldGen       total 89600K, used 72707K [0x0000000081600000, 0x0000000086d80000, 0x00000000d5d00000)
  object space 89600K, 81% used [0x0000000081600000,0x0000000085d00dc8,0x0000000086d80000)
 Metaspace       used 3359K, capacity 4664K, committed 4864K, reserved 1056768K
  class space    used 372K, capacity 424K, committed 512K, reserved 1048576K
}
Event: 144.157 GC heap before
{Heap before GC invocations=219 (full 6):
 PSYoungGen      total 579072K, used 578752K [0x00000000d5d00000, 0x00000000fe000000, 0x0000000100000000)
  eden space 578560K, 100% used [0x00000000d5d00000,0x00000000f9200000,0x00000000f9200000)
  from space 512K, 37% used [0x00000000fdf80000,0x00000000fdfb0000,0x00000000fe000000)
  to   space 6656K, 0% used [0x00000000fd300000,0x00000000fd300000,0x00000000fd980000)
 ParOldGen       total 89600K, used 72707K [0x0000000081600000, 0x0000000086d80000, 0x00000000d5d00000)
  object space 89600K, 81% used [0x0000000081600000,0x0000000085d00dc8,0x0000000086d80000)
 Metaspace       used 3359K, capacity 4664K, committed 4864K, reserved 1056768K
  class space    used 372K, capacity 424K, committed 512K, reserved 1048576K
Event: 144.158 GC heap after
Heap after GC invocations=219 (full 6):
 PSYoungGen      total 651776K, used 349K [0x00000000d5d00000, 0x00000000fef00000, 0x0000000100000000)
  eden space 645120K, 0% used [0x00000000d5d00000,0x00000000d5d00000,0x00000000fd300000)
  from space 6656K, 5% used [0x00000000fd300000,0x00000000fd357460,0x00000000fd980000)
  to   space 6144K, 0% used [0x00000000fe900000,0x00000000fe900000,0x00000000fef00000)
 ParOldGen       total 89600K, used 72771K [0x0000000081600000, 0x0000000086d80000, 0x00000000d5d00000)
  object space 89600K, 81% used [0x0000000081600000,0x0000000085d10dc8,0x0000000086d80000)
 Metaspace       used 3359K, capacity 4664K, committed 4864K, reserved 1056768K
  class space    used 372K, capacity 424K, committed 512K, reserved 1048576K
}

Deoptimization events (10 events):
Event: 23.883 Thread 0x00000000025c8800 Uncommon trap: reason=bimorphic action=maybe_recompile pc=0x00000000029b2af8 method=java.lang.System$2.invokeFinalize(Ljava/lang/Object;)V @ 1
Event: 23.884 Thread 0x00000000025c8800 Uncommon trap: reason=bimorphic action=maybe_recompile pc=0x00000000029b2af8 method=java.lang.System$2.invokeFinalize(Ljava/lang/Object;)V @ 1
Event: 23.884 Thread 0x00000000025c8800 Uncommon trap: reason=bimorphic action=maybe_recompile pc=0x00000000029b2af8 method=java.lang.System$2.invokeFinalize(Ljava/lang/Object;)V @ 1
Event: 23.884 Thread 0x00000000025c8800 Uncommon trap: reason=bimorphic action=maybe_recompile pc=0x00000000029b2af8 method=java.lang.System$2.invokeFinalize(Ljava/lang/Object;)V @ 1
Event: 44.336 Thread 0x00000000024d0800 Uncommon trap: reason=unstable_if action=reinterpret pc=0x00000000029b3ba0 method=org.tartarus.snowball.SnowballProgram.in_grouping_b([CII)Z @ 37
Event: 78.940 Thread 0x00000000024d0800 Uncommon trap: reason=unstable_if action=reinterpret pc=0x0000000002941ed0 method=sun.nio.cs.UTF_8$Decoder.decodeArrayLoop(Ljava/nio/ByteBuffer;Ljava/nio/CharBuffer;)Ljava/nio/charset/CoderResult; @ 287
Event: 110.275 Thread 0x00000000024d0800 Uncommon trap: reason=unstable_if action=reinterpret pc=0x00000000028cbb40 method=Common.FrenchTokenizerAutomaton.feedCharL0(C)LCommon/FrenchTokenizerAutomaton$Signal; @ 96
Event: 132.150 Thread 0x00000000024d0800 Uncommon trap: reason=unstable_if action=reinterpret pc=0x00000000029a1b70 method=org.tartarus.snowball.SnowballProgram.in_grouping_b([CII)Z @ 31
Event: 139.320 Thread 0x00000000024d0800 Uncommon trap: reason=unstable_if action=reinterpret pc=0x000000000290c804 method=java.lang.String.toLowerCase(Ljava/util/Locale;)Ljava/lang/String; @ 226
Event: 149.421 Thread 0x00000000024d0800 Uncommon trap: reason=class_check action=maybe_recompile pc=0x000000000295be3c method=java.lang.String.compareTo(Ljava/lang/Object;)I @ 2

Internal exceptions (7 events):
Event: 0.024 Thread 0x00000000024d0800 Exception <a 'java/lang/NoSuchMethodError': Method sun.misc.Unsafe.defineClass(Ljava/lang/String;[BII)Ljava/lang/Class; name or signature does not match> (0x00000000d5d0d650) thrown at [C:\re\workspace\8-2-build-windows-amd64-cygwin\jdk8u71\5731\hotspot\srªqzˆ®Ø˜?
Event: 0.024 Thread 0x00000000024d0800 Exception <a 'java/lang/NoSuchMethodError': Method sun.misc.Unsafe.prefetchRead(Ljava/lang/Object;J)V name or signature does not match> (0x00000000d5d0d938) thrown at [C:\re\workspace\8-2-build-windows-amd64-cygwin\jdk8u71\5731\hotspot\src\share\vm\prims\jJ7,?4@
Event: 2.776 Thread 0x00000000024d0800 Implicit null exception at 0x00000000028ce88e to 0x00000000028d0d29
Event: 3.642 Thread 0x00000000024d0800 Exception <a 'java/security/PrivilegedActionException'> (0x00000000fe88b978) thrown at [C:\re\workspace\8-2-build-windows-amd64-cygwin\jdk8u71\5731\hotspot\src\share\vm\prims\jvm.cpp, line 1386]
Event: 3.642 Thread 0x00000000024d0800 Exception <a 'java/security/PrivilegedActionException'> (0x00000000fe88bd70) thrown at [C:\re\workspace\8-2-build-windows-amd64-cygwin\jdk8u71\5731\hotspot\src\share\vm\prims\jvm.cpp, line 1386]
Event: 3.642 Thread 0x00000000024d0800 Exception <a 'java/security/PrivilegedActionException'> (0x00000000fe88fce8) thrown at [C:\re\workspace\8-2-build-windows-amd64-cygwin\jdk8u71\5731\hotspot\src\share\vm\prims\jvm.cpp, line 1386]
Event: 3.642 Thread 0x00000000024d0800 Exception <a 'java/security/PrivilegedActionException'> (0x00000000fe8900e0) thrown at [C:\re\workspace\8-2-build-windows-amd64-cygwin\jdk8u71\5731\hotspot\src\share\vm\prims\jvm.cpp, line 1386]

Events (10 events):
Event: 143.803 Executing VM operation: ParallelGCFailedAllocation done
Event: 143.916 Executing VM operation: ParallelGCFailedAllocation
Event: 143.918 Executing VM operation: ParallelGCFailedAllocation done
Event: 144.031 Executing VM operation: ParallelGCFailedAllocation
Event: 144.032 Executing VM operation: ParallelGCFailedAllocation done
Event: 144.157 Executing VM operation: ParallelGCFailedAllocation
Event: 144.158 Executing VM operation: ParallelGCFailedAllocation done
Event: 149.421 Thread 0x00000000024d0800 Uncommon trap: trap_request=0xffffffde fr.pc=0x000000000295be3c
Event: 149.421 Thread 0x00000000024d0800 DEOPT PACKING pc=0x000000000295be3c sp=0x000000000245f430
Event: 149.421 Thread 0x00000000024d0800 DEOPT UNPACKING pc=0x000000000261582a sp=0x000000000245f390 mode 2


Dynamic libraries:
0x00007ff644e10000 - 0x00007ff644e47000 	C:\Program Files\Java\jre1.8.0_71\bin\javaw.exe
0x00007ffc932f0000 - 0x00007ffc934c1000 	C:\WINDOWS\SYSTEM32\ntdll.dll
0x00007ffc90c10000 - 0x00007ffc90cbb000 	C:\WINDOWS\System32\KERNEL32.DLL
0x00007ffc90660000 - 0x00007ffc9087d000 	C:\WINDOWS\System32\KERNELBASE.dll
0x00007ffc90b60000 - 0x00007ffc90c02000 	C:\WINDOWS\System32\ADVAPI32.dll
0x00007ffc91140000 - 0x00007ffc911de000 	C:\WINDOWS\System32\msvcrt.dll
0x00007ffc90d40000 - 0x00007ffc90d99000 	C:\WINDOWS\System32\sechost.dll
0x00007ffc93160000 - 0x00007ffc93281000 	C:\WINDOWS\System32\RPCRT4.dll
0x00007ffc92ff0000 - 0x00007ffc93155000 	C:\WINDOWS\System32\USER32.dll
0x00007ffc905a0000 - 0x00007ffc905be000 	C:\WINDOWS\System32\win32u.dll
0x00007ffc911e0000 - 0x00007ffc91214000 	C:\WINDOWS\System32\GDI32.dll
0x00007ffc8f7e0000 - 0x00007ffc8f962000 	C:\WINDOWS\System32\gdi32full.dll
0x00007ffc8b6e0000 - 0x00007ffc8b959000 	C:\WINDOWS\WinSxS\amd64_microsoft.windows.common-controls_6595b64144ccf1df_6.0.14393.0_none_2d0f50fcbdb171b8\COMCTL32.dll
0x00007ffc90880000 - 0x00007ffc90b47000 	C:\WINDOWS\System32\combase.dll
0x00007ffc90390000 - 0x00007ffc90485000 	C:\WINDOWS\System32\ucrtbase.dll
0x00007ffc90320000 - 0x00007ffc9038a000 	C:\WINDOWS\System32\bcryptPrimitives.dll
0x00007ffc92730000 - 0x00007ffc9275e000 	C:\WINDOWS\System32\IMM32.DLL
0x0000000075580000 - 0x0000000075652000 	C:\Program Files\Java\jre1.8.0_71\bin\msvcr100.dll
0x0000000075660000 - 0x0000000075eef000 	C:\Program Files\Java\jre1.8.0_71\bin\server\jvm.dll
0x00007ffc90d30000 - 0x00007ffc90d38000 	C:\WINDOWS\System32\PSAPI.DLL
0x00007ffc8cad0000 - 0x00007ffc8caf3000 	C:\WINDOWS\SYSTEM32\WINMM.dll
0x00007ffc8dc90000 - 0x00007ffc8dc9a000 	C:\WINDOWS\SYSTEM32\VERSION.dll
0x00007ffc73310000 - 0x00007ffc73319000 	C:\WINDOWS\SYSTEM32\WSOCK32.dll
0x00007ffc92c70000 - 0x00007ffc92cda000 	C:\WINDOWS\System32\WS2_32.dll
0x0000000000b70000 - 0x0000000000b9b000 	C:\WINDOWS\SYSTEM32\WINMMBASE.dll
0x00007ffc90100000 - 0x00007ffc90142000 	C:\WINDOWS\System32\cfgmgr32.dll
0x0000000075570000 - 0x000000007557f000 	C:\Program Files\Java\jre1.8.0_71\bin\verify.dll
0x0000000075540000 - 0x0000000075569000 	C:\Program Files\Java\jre1.8.0_71\bin\java.dll
0x0000000075520000 - 0x0000000075536000 	C:\Program Files\Java\jre1.8.0_71\bin\zip.dll
0x00007ffc91220000 - 0x00007ffc92728000 	C:\WINDOWS\System32\SHELL32.dll
0x00007ffc8fa20000 - 0x00007ffc900fa000 	C:\WINDOWS\System32\windows.storage.dll
0x00007ffc8f780000 - 0x00007ffc8f7cc000 	C:\WINDOWS\System32\powrprof.dll
0x00007ffc92e80000 - 0x00007ffc92ed2000 	C:\WINDOWS\System32\shlwapi.dll
0x00007ffc8f7d0000 - 0x00007ffc8f7df000 	C:\WINDOWS\System32\kernel.appcore.dll
0x00007ffc90490000 - 0x00007ffc90539000 	C:\WINDOWS\System32\shcore.dll
0x00007ffc8f750000 - 0x00007ffc8f764000 	C:\WINDOWS\System32\profapi.dll
0x00007ffc8f3b0000 - 0x00007ffc8f542000 	C:\WINDOWS\SYSTEM32\dbghelp.dll

VM Arguments:
jvm_args: -Dfile.encoding=UTF-8 
java_command: Main.IndexGenerator
java_class_path (initial): C:\Users\akhou\OneDrive\Documents\Master\REI\SearchEngine\bin
Launcher Type: SUN_STANDARD

Environment Variables:
PATH=C:/Program Files/Java/jre1.8.0_71/bin/server;C:/Program Files/Java/jre1.8.0_71/bin;C:/Program Files/Java/jre1.8.0_71/lib/amd64;C:\ProgramData\Oracle\Java\javapath;C:\Windows\system32;C:\Windows;C:\Windows\System32\Wbem;C:\Windows\System32\WindowsPowerShell\v1.0\;C:\Program Files (x86)\NVIDIA Corporation\PhysX\Common;C:\Program Files\Java\jre1.8.0_66\bin\;C:\Program Files\openssl-0.9.8k_X64\bin\;C:\Program Files (x86)\Calibre2\;C:\Program Files (x86)\Skype\Phone\;C:\Program Files\Java\jdk1.8.0_66\bin\;;%SystemRoot%\system32;%SystemRoot%;%SystemRoot%\System32\Wbem;%SYSTEMROOT%\System32\WindowsPowerShell\v1.0\;C:\Users\akhou\Anaconda2;C:\Users\akhou\Anaconda2\Scripts;C:\Users\akhou\Anaconda2\Library\bin;C:\Users\akhou\AppData\Local\Pandoc\;C:\Program Files\MongoDB\Server\3.2\bin\;%USERPROFILE%\AppData\Local\Microsoft\WindowsApps;;C:\Dev\Tools\java-neon\eclipse;
USERNAME=akhou
OS=Windows_NT
PROCESSOR_IDENTIFIER=Intel64 Family 6 Model 60 Stepping 3, GenuineIntel



---------------  S Y S T E M  ---------------

OS: Windows 10.0 , 64 bit Build 14393 (10.0.14393.0)

CPU:total 8 (4 cores per cpu, 2 threads per core) family 6 model 60 stepping 3, cmov, cx8, fxsr, mmx, sse, sse2, sse3, ssse3, sse4.1, sse4.2, popcnt, avx, avx2, aes, clmul, erms, lzcnt, ht, tsc, tscinvbit, bmi1, bmi2

Memory: 4k page, physical 8293488k(3164824k free), swap 16682096k(10484864k free)

vm_info: Java HotSpot(TM) 64-Bit Server VM (25.71-b15) for windows-amd64 JRE (1.8.0_71-b15), built on Dec 22 2015 18:15:55 by "java_re" with MS VC++ 10.0 (VS2010)

time: Thu Oct 27 17:30:57 2016
elapsed time: 149 seconds (0d 0h 2m 29s)

