#
# A fatal error has been detected by the Java Runtime Environment:
#
#  EXCEPTION_ACCESS_VIOLATION (0xc0000005) at pc=0x0000000002aa1406, pid=372, tid=1360
#
# JRE version: Java(TM) SE Runtime Environment (8.0_71-b15) (build 1.8.0_71-b15)
# Java VM: Java HotSpot(TM) 64-Bit Server VM (25.71-b15 mixed mode windows-amd64 compressed oops)
# Problematic frame:
# J 495 C2 java.lang.String.toLowerCase(Ljava/util/Locale;)Ljava/lang/String; (439 bytes) @ 0x0000000002aa1406 [0x0000000002aa13c0+0x46]
#
# Failed to write core dump. Minidumps are not enabled by default on client versions of Windows
#
# If you would like to submit a bug report, please visit:
#   http://bugreport.java.com/bugreport/crash.jsp
#

---------------  T H R E A D  ---------------

Current thread (0x0000000002680800):  JavaThread "main" [_thread_in_Java, id=1360, stack(0x0000000002580000,0x0000000002680000)]

siginfo: ExceptionCode=0xc0000005, reading address 0x0000000032b51054

Registers:
RAX=0x0000000000000000, RBX=0x00000000e75244f0, RCX=0x0000000000005257, RDX=0x00000000f2b51068
RSP=0x000000000267f350, RBP=0x0000000081606868, RSI=0x00000000e7382d80, RDI=0x00000000e7382d80
R8 =0x000000008161b450, R9 =0x0000000000003d90, R10=0x0000000032b51048, R11=0x000000008161b450
R12=0x0000000000000000, R13=0x00000000e7382d80, R14=0x00000000f2b50d68, R15=0x0000000002680800
RIP=0x0000000002aa1406, EFLAGS=0x0000000000010206

Top of Stack: (sp=0x000000000267f350)
0x000000000267f350:   f2720908f27229e8 00000000f2720908
0x000000000267f360:   0000000000000007 0000000000000000
0x000000000267f370:   00000000f2b51068 000000008161b450
0x000000000267f380:   00000000f2b50d78 0000000100000001
0x000000000267f390:   0000201400000001 00000000f2c3e758
0x000000000267f3a0:   00000000f2bf6900 00003d8f00003d90
0x000000000267f3b0:   0000525700003d90 00000000f28f8e98
0x000000000267f3c0:   0000000000000033 0000000000000030
0x000000000267f3d0:   00000000f2c3e728 000000008160b678
0x000000000267f3e0:   0000000081605a58 0000000000000001
0x000000000267f3f0:   0000000081606868 00000000000000f8
0x000000000267f400:   0000000081606868 0000000002b1cad0
0x000000000267f410:   00000000e735fbe0 00000000e735fbe0
0x000000000267f420:   00000000e735fbe0 0000000002787a70
0x000000000267f430:   00000000e7382d58 000000010003c408
0x000000000267f440:   00000000e735fce8 000000010002f8a8 

Instructions: (pc=0x0000000002aa1406)
0x0000000002aa13e6:   ff 55 48 81 ec b0 00 00 00 48 89 54 24 20 4c 89
0x0000000002aa13f6:   44 24 28 4d 85 c0 0f 84 13 0f 00 00 44 8b 52 0c
0x0000000002aa1406:   41 8b 72 0c 85 f6 7f 17 4c 8b 6c 24 20 49 8b c5
0x0000000002aa1416:   48 81 c4 b0 00 00 00 5d 85 05 dc eb 1e fe c3 45 


Register to memory mapping:

RAX=0x0000000000000000 is an unknown value
RBX=0x00000000e75244f0 is an oop
java.util.TreeMap 
 - klass: 'java/util/TreeMap'
RCX=0x0000000000005257 is an unknown value
RDX=0x00000000f2b51068 is an oop
java.lang.String 
 - klass: 'java/lang/String'
RSP=0x000000000267f350 is pointing into the stack for thread: 0x0000000002680800
RBP=0x0000000081606868 is an oop
[C 
 - klass: {type array char}
 - length: 19
RSI=0x00000000e7382d80 is an oop

[error occurred during error reporting (printing register info), id 0xc0000005]

Stack: [0x0000000002580000,0x0000000002680000],  sp=0x000000000267f350,  free space=1020k
Native frames: (J=compiled Java code, j=interpreted, Vv=VM code, C=native code)
C  0x0000000002aa1406


---------------  P R O C E S S  ---------------

Java Threads: ( => current thread )
  0x000000001ab5f000 JavaThread "RMI TCP Connection(5)-192.168.1.6" daemon [_thread_blocked, id=672, stack(0x0000000020500000,0x0000000020600000)]
  0x000000001ab5e800 JavaThread "RMI TCP Connection(4)-192.168.1.6" daemon [_thread_in_native, id=6028, stack(0x0000000020400000,0x0000000020500000)]
  0x000000001ab5d800 JavaThread "RMI TCP Connection(3)-192.168.1.6" daemon [_thread_in_native, id=10784, stack(0x0000000020300000,0x0000000020400000)]
  0x000000001ab60800 JavaThread "RMI TCP Connection(idle)" daemon [_thread_blocked, id=4788, stack(0x0000000020200000,0x0000000020300000)]
  0x000000001c5e1800 JavaThread "JMX server connection timeout 15" daemon [_thread_blocked, id=10308, stack(0x000000001f130000,0x000000001f230000)]
  0x000000001b413800 JavaThread "RMI Scheduler(0)" daemon [_thread_blocked, id=5928, stack(0x000000001e8d0000,0x000000001e9d0000)]
  0x000000001b1c4800 JavaThread "RMI TCP Connection(idle)" daemon [_thread_blocked, id=196, stack(0x000000001e7d0000,0x000000001e8d0000)]
  0x0000000019b9a800 JavaThread "RMI TCP Accept-0" daemon [_thread_in_native, id=10016, stack(0x000000001e4d0000,0x000000001e5d0000)]
  0x00000000198cd800 JavaThread "Service Thread" daemon [_thread_blocked, id=8756, stack(0x000000001a200000,0x000000001a300000)]
  0x000000001983f000 JavaThread "C1 CompilerThread3" daemon [_thread_blocked, id=7184, stack(0x000000001a100000,0x000000001a200000)]
  0x000000001983c000 JavaThread "C2 CompilerThread2" daemon [_thread_blocked, id=7384, stack(0x000000001a000000,0x000000001a100000)]
  0x0000000019829800 JavaThread "C2 CompilerThread1" daemon [_thread_blocked, id=4232, stack(0x0000000019f00000,0x000000001a000000)]
  0x0000000019826800 JavaThread "C2 CompilerThread0" daemon [_thread_blocked, id=1876, stack(0x0000000019e00000,0x0000000019f00000)]
  0x0000000019825800 JavaThread "Attach Listener" daemon [_thread_blocked, id=9376, stack(0x0000000019d00000,0x0000000019e00000)]
  0x0000000019824800 JavaThread "Signal Dispatcher" daemon [_thread_blocked, id=11036, stack(0x0000000019c00000,0x0000000019d00000)]
  0x000000000277a800 JavaThread "Finalizer" daemon [_thread_blocked, id=3956, stack(0x00000000195f0000,0x00000000196f0000)]
  0x000000001772d000 JavaThread "Reference Handler" daemon [_thread_blocked, id=6088, stack(0x00000000194f0000,0x00000000195f0000)]
=>0x0000000002680800 JavaThread "main" [_thread_in_Java, id=1360, stack(0x0000000002580000,0x0000000002680000)]

Other Threads:
  0x0000000017729000 VMThread [stack: 0x00000000193f0000,0x00000000194f0000] [id=4112]
  0x00000000198d3800 WatcherThread [stack: 0x000000001a300000,0x000000001a400000] [id=5604]

VM state:not at safepoint (normal execution)

VM Mutex/Monitor currently owned by a thread: None

Heap:
 PSYoungGen      total 681984K, used 486973K [0x00000000d5d00000, 0x00000000fff80000, 0x0000000100000000)
  eden space 674304K, 72% used [0x00000000d5d00000,0x00000000f3835f60,0x00000000fef80000)
  from space 7680K, 4% used [0x00000000fef80000,0x00000000fefd9740,0x00000000ff700000)
  to   space 7168K, 0% used [0x00000000ff880000,0x00000000ff880000,0x00000000fff80000)
 ParOldGen       total 78336K, used 48740K [0x0000000081600000, 0x0000000086280000, 0x00000000d5d00000)
  object space 78336K, 62% used [0x0000000081600000,0x00000000845993c8,0x0000000086280000)
 Metaspace       used 9232K, capacity 9570K, committed 9728K, reserved 1058816K
  class space    used 1091K, capacity 1192K, committed 1280K, reserved 1048576K

Card table byte_map: [0x0000000011b40000,0x0000000011f40000] byte_map_base: 0x0000000011735000

Marking Bits: (ParMarkBitMap*) 0x0000000075e6f600
 Begin Bits: [0x00000000129f0000, 0x0000000014998000)
 End Bits:   [0x0000000014998000, 0x0000000016940000)

Polling page: 0x0000000000c90000

CodeCache: size=245760Kb used=4677Kb max_used=4718Kb free=241082Kb
 bounds [0x0000000002780000, 0x0000000002c30000, 0x0000000011780000]
 total_blobs=1498 nmethods=1157 adapters=254
 compilation: enabled

Compilation events (10 events):
Event: 107.860 Thread 0x000000001983f000 1457       3       java.lang.reflect.Field::getFieldAccessor (35 bytes)
Event: 107.861 Thread 0x000000001983f000 nmethod 1457 0x00000000028f7cd0 code [0x00000000028f7e40, 0x00000000028f8088]
Event: 109.235 Thread 0x0000000019826800 1458       4       Common.FrenchTokenizerAutomaton::feedCharL6 (195 bytes)
Event: 109.237 Thread 0x0000000019826800 nmethod 1458 0x0000000002bf4e90 code [0x0000000002bf5140, 0x0000000002bf5358]
Event: 110.579 Thread 0x000000001983f000 1459       3       sun.reflect.ClassFileAssembler::opc_athrow (12 bytes)
Event: 110.580 Thread 0x000000001983f000 nmethod 1459 0x00000000028f76d0 code [0x00000000028f7860, 0x00000000028f7b68]
Event: 110.580 Thread 0x000000001983f000 1460   !   3       sun.reflect.GeneratedSerializationConstructorAccessor10::newInstance (49 bytes)
Event: 110.580 Thread 0x000000001983f000 nmethod 1460 0x0000000002bf5710 code [0x0000000002bf58c0, 0x0000000002bf5d08]
Event: 110.580 Thread 0x000000001983f000 1461   !   3       java.io.ObjectStreamClass::invokeReadObject (93 bytes)
Event: 110.581 Thread 0x000000001983f000 nmethod 1461 0x0000000002a15490 code [0x0000000002a156a0, 0x0000000002a16208]

GC Heap History (10 events):
Event: 107.190 GC heap before
{Heap before GC invocations=147 (full 4):
 PSYoungGen      total 679424K, used 670554K [0x00000000d5d00000, 0x00000000ffe80000, 0x0000000100000000)
  eden space 670208K, 100% used [0x00000000d5d00000,0x00000000feb80000,0x00000000feb80000)
  from space 9216K, 3% used [0x00000000ff580000,0x00000000ff5d68e0,0x00000000ffe80000)
  to   space 9728K, 0% used [0x00000000feb80000,0x00000000feb80000,0x00000000ff500000)
 ParOldGen       total 78336K, used 48364K [0x0000000081600000, 0x0000000086280000, 0x00000000d5d00000)
  object space 78336K, 61% used [0x0000000081600000,0x000000008453b3c8,0x0000000086280000)
 Metaspace       used 9219K, capacity 9552K, committed 9728K, reserved 1058816K
  class space    used 1089K, capacity 1189K, committed 1280K, reserved 1048576K
Event: 107.191 GC heap after
Heap after GC invocations=147 (full 4):
 PSYoungGen      total 679936K, used 192K [0x00000000d5d00000, 0x00000000fff80000, 0x0000000100000000)
  eden space 670208K, 0% used [0x00000000d5d00000,0x00000000d5d00000,0x00000000feb80000)
  from space 9728K, 1% used [0x00000000feb80000,0x00000000febb0000,0x00000000ff500000)
  to   space 9216K, 0% used [0x00000000ff680000,0x00000000ff680000,0x00000000fff80000)
 ParOldGen       total 78336K, used 48452K [0x0000000081600000, 0x0000000086280000, 0x00000000d5d00000)
  object space 78336K, 61% used [0x0000000081600000,0x00000000845513c8,0x0000000086280000)
 Metaspace       used 9219K, capacity 9552K, committed 9728K, reserved 1058816K
  class space    used 1089K, capacity 1189K, committed 1280K, reserved 1048576K
}
Event: 107.344 GC heap before
{Heap before GC invocations=148 (full 4):
 PSYoungGen      total 679936K, used 670400K [0x00000000d5d00000, 0x00000000fff80000, 0x0000000100000000)
  eden space 670208K, 100% used [0x00000000d5d00000,0x00000000feb80000,0x00000000feb80000)
  from space 9728K, 1% used [0x00000000feb80000,0x00000000febb0000,0x00000000ff500000)
  to   space 9216K, 0% used [0x00000000ff680000,0x00000000ff680000,0x00000000fff80000)
 ParOldGen       total 78336K, used 48452K [0x0000000081600000, 0x0000000086280000, 0x00000000d5d00000)
  object space 78336K, 61% used [0x0000000081600000,0x00000000845513c8,0x0000000086280000)
 Metaspace       used 9219K, capacity 9552K, committed 9728K, reserved 1058816K
  class space    used 1089K, capacity 1189K, committed 1280K, reserved 1048576K
Event: 107.346 GC heap after
Heap after GC invocations=148 (full 4):
 PSYoungGen      total 680448K, used 256K [0x00000000d5d00000, 0x00000000ffe80000, 0x0000000100000000)
  eden space 672256K, 0% used [0x00000000d5d00000,0x00000000d5d00000,0x00000000fed80000)
  from space 8192K, 3% used [0x00000000ff680000,0x00000000ff6c0000,0x00000000ffe80000)
  to   space 8704K, 0% used [0x00000000fed80000,0x00000000fed80000,0x00000000ff600000)
 ParOldGen       total 78336K, used 48532K [0x0000000081600000, 0x0000000086280000, 0x00000000d5d00000)
  object space 78336K, 61% used [0x0000000081600000,0x00000000845653c8,0x0000000086280000)
 Metaspace       used 9219K, capacity 9552K, committed 9728K, reserved 1058816K
  class space    used 1089K, capacity 1189K, committed 1280K, reserved 1048576K
}
Event: 107.524 GC heap before
{Heap before GC invocations=149 (full 4):
 PSYoungGen      total 680448K, used 672512K [0x00000000d5d00000, 0x00000000ffe80000, 0x0000000100000000)
  eden space 672256K, 100% used [0x00000000d5d00000,0x00000000fed80000,0x00000000fed80000)
  from space 8192K, 3% used [0x00000000ff680000,0x00000000ff6c0000,0x00000000ffe80000)
  to   space 8704K, 0% used [0x00000000fed80000,0x00000000fed80000,0x00000000ff600000)
 ParOldGen       total 78336K, used 48532K [0x0000000081600000, 0x0000000086280000, 0x00000000d5d00000)
  object space 78336K, 61% used [0x0000000081600000,0x00000000845653c8,0x0000000086280000)
 Metaspace       used 9219K, capacity 9552K, committed 9728K, reserved 1058816K
  class space    used 1089K, capacity 1189K, committed 1280K, reserved 1048576K
Event: 107.525 GC heap after
Heap after GC invocations=149 (full 4):
 PSYoungGen      total 680960K, used 192K [0x00000000d5d00000, 0x00000000fff80000, 0x0000000100000000)
  eden space 672256K, 0% used [0x00000000d5d00000,0x00000000d5d00000,0x00000000fed80000)
  from space 8704K, 2% used [0x00000000fed80000,0x00000000fedb0000,0x00000000ff600000)
  to   space 8192K, 0% used [0x00000000ff780000,0x00000000ff780000,0x00000000fff80000)
 ParOldGen       total 78336K, used 48588K [0x0000000081600000, 0x0000000086280000, 0x00000000d5d00000)
  object space 78336K, 62% used [0x0000000081600000,0x00000000845733c8,0x0000000086280000)
 Metaspace       used 9219K, capacity 9552K, committed 9728K, reserved 1058816K
  class space    used 1089K, capacity 1189K, committed 1280K, reserved 1048576K
}
Event: 107.697 GC heap before
{Heap before GC invocations=150 (full 4):
 PSYoungGen      total 680960K, used 672448K [0x00000000d5d00000, 0x00000000fff80000, 0x0000000100000000)
  eden space 672256K, 100% used [0x00000000d5d00000,0x00000000fed80000,0x00000000fed80000)
  from space 8704K, 2% used [0x00000000fed80000,0x00000000fedb0000,0x00000000ff600000)
  to   space 8192K, 0% used [0x00000000ff780000,0x00000000ff780000,0x00000000fff80000)
 ParOldGen       total 78336K, used 48588K [0x0000000081600000, 0x0000000086280000, 0x00000000d5d00000)
  object space 78336K, 62% used [0x0000000081600000,0x00000000845733c8,0x0000000086280000)
 Metaspace       used 9220K, capacity 9552K, committed 9728K, reserved 1058816K
  class space    used 1089K, capacity 1189K, committed 1280K, reserved 1048576K
Event: 107.698 GC heap after
Heap after GC invocations=150 (full 4):
 PSYoungGen      total 681472K, used 256K [0x00000000d5d00000, 0x00000000ffe80000, 0x0000000100000000)
  eden space 674304K, 0% used [0x00000000d5d00000,0x00000000d5d00000,0x00000000fef80000)
  from space 7168K, 3% used [0x00000000ff780000,0x00000000ff7c0000,0x00000000ffe80000)
  to   space 7680K, 0% used [0x00000000fef80000,0x00000000fef80000,0x00000000ff700000)
 ParOldGen       total 78336K, used 48668K [0x0000000081600000, 0x0000000086280000, 0x00000000d5d00000)
  object space 78336K, 62% used [0x0000000081600000,0x00000000845873c8,0x0000000086280000)
 Metaspace       used 9220K, capacity 9552K, committed 9728K, reserved 1058816K
  class space    used 1089K, capacity 1189K, committed 1280K, reserved 1048576K
}
Event: 107.859 GC heap before
{Heap before GC invocations=151 (full 4):
 PSYoungGen      total 681472K, used 674560K [0x00000000d5d00000, 0x00000000ffe80000, 0x0000000100000000)
  eden space 674304K, 100% used [0x00000000d5d00000,0x00000000fef80000,0x00000000fef80000)
  from space 7168K, 3% used [0x00000000ff780000,0x00000000ff7c0000,0x00000000ffe80000)
  to   space 7680K, 0% used [0x00000000fef80000,0x00000000fef80000,0x00000000ff700000)
 ParOldGen       total 78336K, used 48668K [0x0000000081600000, 0x0000000086280000, 0x00000000d5d00000)
  object space 78336K, 62% used [0x0000000081600000,0x00000000845873c8,0x0000000086280000)
 Metaspace       used 9220K, capacity 9552K, committed 9728K, reserved 1058816K
  class space    used 1089K, capacity 1189K, committed 1280K, reserved 1048576K
Event: 107.860 GC heap after
Heap after GC invocations=151 (full 4):
 PSYoungGen      total 681984K, used 357K [0x00000000d5d00000, 0x00000000fff80000, 0x0000000100000000)
  eden space 674304K, 0% used [0x00000000d5d00000,0x00000000d5d00000,0x00000000fef80000)
  from space 7680K, 4% used [0x00000000fef80000,0x00000000fefd9740,0x00000000ff700000)
  to   space 7168K, 0% used [0x00000000ff880000,0x00000000ff880000,0x00000000fff80000)
 ParOldGen       total 78336K, used 48740K [0x0000000081600000, 0x0000000086280000, 0x00000000d5d00000)
  object space 78336K, 62% used [0x0000000081600000,0x00000000845993c8,0x0000000086280000)
 Metaspace       used 9220K, capacity 9552K, committed 9728K, reserved 1058816K
  class space    used 1089K, capacity 1189K, committed 1280K, reserved 1048576K
}

Deoptimization events (10 events):
Event: 65.718 Thread 0x000000001b1c4800 Uncommon trap: reason=class_check action=maybe_recompile pc=0x0000000002b3f3d0 method=java.io.BufferedOutputStream.flush()V @ 8
Event: 65.718 Thread 0x000000001b1c4800 Uncommon trap: reason=class_check action=maybe_recompile pc=0x0000000002b3f3d0 method=java.io.BufferedOutputStream.flush()V @ 8
Event: 66.543 Thread 0x000000001b1c4800 Uncommon trap: reason=class_check action=maybe_recompile pc=0x0000000002b3f48c method=java.io.BufferedOutputStream.flushBuffer()V @ 20
Event: 66.550 Thread 0x000000001b1c4800 Uncommon trap: reason=class_check action=maybe_recompile pc=0x0000000002b3f48c method=java.io.BufferedOutputStream.flushBuffer()V @ 20
Event: 67.509 Thread 0x000000001772d000 Uncommon trap: reason=class_check action=maybe_recompile pc=0x0000000002b3ed2c method=java.lang.ref.ReferenceQueue.enqueue(Ljava/lang/ref/Reference;)Z @ 91
Event: 67.509 Thread 0x000000001772d000 Uncommon trap: reason=class_check action=maybe_recompile pc=0x0000000002b3ed2c method=java.lang.ref.ReferenceQueue.enqueue(Ljava/lang/ref/Reference;)Z @ 91
Event: 67.509 Thread 0x000000001772d000 Uncommon trap: reason=class_check action=maybe_recompile pc=0x0000000002b3ed2c method=java.lang.ref.ReferenceQueue.enqueue(Ljava/lang/ref/Reference;)Z @ 91
Event: 67.509 Thread 0x000000001772d000 Uncommon trap: reason=class_check action=maybe_recompile pc=0x0000000002b3ed2c method=java.lang.ref.ReferenceQueue.enqueue(Ljava/lang/ref/Reference;)Z @ 91
Event: 95.720 Thread 0x000000001ab60800 Uncommon trap: reason=unstable_if action=reinterpret pc=0x00000000029f245c method=java.io.BufferedInputStream.read()I @ 23
Event: 100.283 Thread 0x0000000002680800 Uncommon trap: reason=unstable_if action=reinterpret pc=0x0000000002aebc00 method=sun.nio.cs.UTF_8$Decoder.decodeArrayLoop(Ljava/nio/ByteBuffer;Ljava/nio/CharBuffer;)Ljava/nio/charset/CoderResult; @ 287

Internal exceptions (10 events):
Event: 66.756 Thread 0x000000001ab5e800 Exception <a 'java/lang/reflect/InvocationTargetException'> (0x00000000dc3da0f8) thrown at [C:\re\workspace\8-2-build-windows-amd64-cygwin\jdk8u71\5731\hotspot\src\share\vm\runtime\reflection.cpp, line 1092]
Event: 66.762 Thread 0x000000001ab5e800 Exception <a 'java/lang/NoSuchMethodError': <clinit>> (0x00000000dc3efd20) thrown at [C:\re\workspace\8-2-build-windows-amd64-cygwin\jdk8u71\5731\hotspot\src\share\vm\prims\jni.cpp, line 1591]
Event: 66.765 Thread 0x000000001ab5d800 Exception <a 'java/lang/NoSuchMethodError': <clinit>> (0x00000000dbd173f0) thrown at [C:\re\workspace\8-2-build-windows-amd64-cygwin\jdk8u71\5731\hotspot\src\share\vm\prims\jni.cpp, line 1591]
Event: 67.510 Thread 0x00000000198cd800 Exception <a 'java/lang/ArrayIndexOutOfBoundsException'> (0x00000000d5d1a4f8) thrown at [C:\re\workspace\8-2-build-windows-amd64-cygwin\jdk8u71\5731\hotspot\src\share\vm\runtime\sharedRuntime.cpp, line 605]
Event: 67.512 Thread 0x00000000198cd800 Exception <a 'java/lang/ArrayIndexOutOfBoundsException'> (0x00000000d5d1cb78) thrown at [C:\re\workspace\8-2-build-windows-amd64-cygwin\jdk8u71\5731\hotspot\src\share\vm\runtime\sharedRuntime.cpp, line 605]
Event: 67.513 Thread 0x00000000198cd800 Exception <a 'java/lang/ArrayIndexOutOfBoundsException'> (0x00000000d5d1e760) thrown at [C:\re\workspace\8-2-build-windows-amd64-cygwin\jdk8u71\5731\hotspot\src\share\vm\runtime\sharedRuntime.cpp, line 605]
Event: 70.578 Thread 0x000000001ab5e800 Exception <a 'java/lang/reflect/InvocationTargetException'> (0x00000000f1c19f70) thrown at [C:\re\workspace\8-2-build-windows-amd64-cygwin\jdk8u71\5731\hotspot\src\share\vm\runtime\reflection.cpp, line 1092]
Event: 70.581 Thread 0x000000001ab5e800 Exception <a 'java/lang/reflect/InvocationTargetException'> (0x00000000f1c26a88) thrown at [C:\re\workspace\8-2-build-windows-amd64-cygwin\jdk8u71\5731\hotspot\src\share\vm\runtime\reflection.cpp, line 1092]
Event: 74.575 Thread 0x000000001ab5d800 Exception <a 'java/lang/reflect/InvocationTargetException'> (0x00000000d88a35f0) thrown at [C:\re\workspace\8-2-build-windows-amd64-cygwin\jdk8u71\5731\hotspot\src\share\vm\runtime\reflection.cpp, line 1092]
Event: 74.576 Thread 0x000000001ab5d800 Exception <a 'java/lang/reflect/InvocationTargetException'> (0x00000000d88a97f8) thrown at [C:\re\workspace\8-2-build-windows-amd64-cygwin\jdk8u71\5731\hotspot\src\share\vm\runtime\reflection.cpp, line 1092]

Events (10 events):
Event: 107.859 Executing VM operation: ParallelGCFailedAllocation
Event: 107.860 Executing VM operation: ParallelGCFailedAllocation done
Event: 107.861 Thread 0x000000001983f000 flushing nmethod 0x000000000298afd0
Event: 109.237 Thread 0x0000000019826800 flushing nmethod 0x00000000029a8650
Event: 110.580 Thread 0x000000001983f000 flushing nmethod 0x00000000029d8d90
Event: 110.580 Thread 0x000000001983f000 flushing nmethod 0x0000000002a00690
Event: 110.580 Thread 0x000000001983f000 flushing nmethod 0x0000000002a14590
Event: 110.581 Thread 0x000000001983f000 flushing nmethod 0x0000000002a44f10
Event: 110.581 Thread 0x000000001983f000 flushing nmethod 0x0000000002a45a90
Event: 110.581 Thread 0x000000001983f000 flushing nmethod 0x0000000002a46590


Dynamic libraries:
0x00007ff644e10000 - 0x00007ff644e47000 	C:\Program Files\Java\jre1.8.0_71\bin\javaw.exe
0x00007ffc932f0000 - 0x00007ffc934c1000 	C:\WINDOWS\SYSTEM32\ntdll.dll
0x00007ffc90c10000 - 0x00007ffc90cbb000 	C:\WINDOWS\System32\KERNEL32.DLL
0x00007ffc90660000 - 0x00007ffc9087d000 	C:\WINDOWS\System32\KERNELBASE.dll
0x00007ffc90b60000 - 0x00007ffc90c02000 	C:\WINDOWS\System32\ADVAPI32.dll
0x00007ffc91140000 - 0x00007ffc911de000 	C:\WINDOWS\System32\msvcrt.dll
0x00007ffc90d40000 - 0x00007ffc90d99000 	C:\WINDOWS\System32\sechost.dll
0x00007ffc93160000 - 0x00007ffc93281000 	C:\WINDOWS\System32\RPCRT4.dll
0x00007ffc92ff0000 - 0x00007ffc93155000 	C:\WINDOWS\System32\USER32.dll
0x00007ffc905a0000 - 0x00007ffc905be000 	C:\WINDOWS\System32\win32u.dll
0x00007ffc911e0000 - 0x00007ffc91214000 	C:\WINDOWS\System32\GDI32.dll
0x00007ffc8f7e0000 - 0x00007ffc8f962000 	C:\WINDOWS\System32\gdi32full.dll
0x00007ffc8b6e0000 - 0x00007ffc8b959000 	C:\WINDOWS\WinSxS\amd64_microsoft.windows.common-controls_6595b64144ccf1df_6.0.14393.0_none_2d0f50fcbdb171b8\COMCTL32.dll
0x00007ffc90880000 - 0x00007ffc90b47000 	C:\WINDOWS\System32\combase.dll
0x00007ffc90390000 - 0x00007ffc90485000 	C:\WINDOWS\System32\ucrtbase.dll
0x00007ffc90320000 - 0x00007ffc9038a000 	C:\WINDOWS\System32\bcryptPrimitives.dll
0x00007ffc92730000 - 0x00007ffc9275e000 	C:\WINDOWS\System32\IMM32.DLL
0x0000000075580000 - 0x0000000075652000 	C:\Program Files\Java\jre1.8.0_71\bin\msvcr100.dll
0x0000000075660000 - 0x0000000075eef000 	C:\Program Files\Java\jre1.8.0_71\bin\server\jvm.dll
0x00007ffc90d30000 - 0x00007ffc90d38000 	C:\WINDOWS\System32\PSAPI.DLL
0x00007ffc73310000 - 0x00007ffc73319000 	C:\WINDOWS\SYSTEM32\WSOCK32.dll
0x00007ffc8dc90000 - 0x00007ffc8dc9a000 	C:\WINDOWS\SYSTEM32\VERSION.dll
0x00007ffc8cad0000 - 0x00007ffc8caf3000 	C:\WINDOWS\SYSTEM32\WINMM.dll
0x00007ffc92c70000 - 0x00007ffc92cda000 	C:\WINDOWS\System32\WS2_32.dll
0x00007ffc8caa0000 - 0x00007ffc8cacb000 	C:\WINDOWS\SYSTEM32\WINMMBASE.dll
0x00007ffc90100000 - 0x00007ffc90142000 	C:\WINDOWS\System32\cfgmgr32.dll
0x0000000075570000 - 0x000000007557f000 	C:\Program Files\Java\jre1.8.0_71\bin\verify.dll
0x0000000075540000 - 0x0000000075569000 	C:\Program Files\Java\jre1.8.0_71\bin\java.dll
0x0000000075520000 - 0x0000000075536000 	C:\Program Files\Java\jre1.8.0_71\bin\zip.dll
0x00007ffc91220000 - 0x00007ffc92728000 	C:\WINDOWS\System32\SHELL32.dll
0x00007ffc8fa20000 - 0x00007ffc900fa000 	C:\WINDOWS\System32\windows.storage.dll
0x00007ffc8f780000 - 0x00007ffc8f7cc000 	C:\WINDOWS\System32\powrprof.dll
0x00007ffc92e80000 - 0x00007ffc92ed2000 	C:\WINDOWS\System32\shlwapi.dll
0x00007ffc8f7d0000 - 0x00007ffc8f7df000 	C:\WINDOWS\System32\kernel.appcore.dll
0x00007ffc90490000 - 0x00007ffc90539000 	C:\WINDOWS\System32\shcore.dll
0x00007ffc8f750000 - 0x00007ffc8f764000 	C:\WINDOWS\System32\profapi.dll
0x0000000075500000 - 0x000000007551a000 	C:\Program Files\Java\jre1.8.0_71\bin\net.dll
0x00007ffc8ec80000 - 0x00007ffc8ecdc000 	C:\WINDOWS\system32\mswsock.dll
0x00007ffc8ea50000 - 0x00007ffc8eaf0000 	C:\WINDOWS\SYSTEM32\DNSAPI.dll
0x00007ffc90b50000 - 0x00007ffc90b58000 	C:\WINDOWS\System32\NSI.dll
0x00007ffc8ea10000 - 0x00007ffc8ea48000 	C:\WINDOWS\SYSTEM32\IPHLPAPI.DLL
0x00007ffc81200000 - 0x00007ffc8120a000 	C:\Windows\System32\rasadhlp.dll
0x00007ffc87b70000 - 0x00007ffc87bda000 	C:\WINDOWS\System32\fwpuclnt.dll
0x00007ffc8f380000 - 0x00007ffc8f3ab000 	C:\WINDOWS\SYSTEM32\bcrypt.dll
0x0000000074730000 - 0x000000007473d000 	C:\Program Files\Java\jre1.8.0_71\bin\management.dll
0x00000000754e0000 - 0x00000000754f1000 	C:\Program Files\Java\jre1.8.0_71\bin\nio.dll
0x00007ffc8f300000 - 0x00007ffc8f317000 	C:\WINDOWS\SYSTEM32\CRYPTSP.dll
0x00007ffc8ee00000 - 0x00007ffc8ee33000 	C:\WINDOWS\system32\rsaenh.dll
0x00007ffc8eb00000 - 0x00007ffc8eb1f000 	C:\WINDOWS\SYSTEM32\USERENV.dll
0x00007ffc8ef20000 - 0x00007ffc8ef2b000 	C:\WINDOWS\SYSTEM32\CRYPTBASE.dll
0x00007ffc87b20000 - 0x00007ffc87b36000 	C:\WINDOWS\SYSTEM32\dhcpcsvc6.DLL
0x00007ffc87ca0000 - 0x00007ffc87cba000 	C:\WINDOWS\SYSTEM32\dhcpcsvc.DLL
0x00007ffc7b100000 - 0x00007ffc7b116000 	C:\WINDOWS\system32\napinsp.dll
0x00007ffc7b120000 - 0x00007ffc7b13a000 	C:\WINDOWS\system32\pnrpnsp.dll
0x00007ffc8cc00000 - 0x00007ffc8cc18000 	C:\WINDOWS\system32\NLAapi.dll
0x00007ffc7b140000 - 0x00007ffc7b14e000 	C:\WINDOWS\System32\winrnr.dll
0x00007ffc7b150000 - 0x00007ffc7b165000 	C:\WINDOWS\System32\wshbth.dll
0x00007ffc8f3b0000 - 0x00007ffc8f542000 	C:\WINDOWS\SYSTEM32\dbghelp.dll

VM Arguments:
jvm_args: -Dfile.encoding=UTF-8 
java_command: Main.IndexGenerator
java_class_path (initial): C:\Users\akhou\OneDrive\Documents\Master\REI\SearchEngine\bin
Launcher Type: SUN_STANDARD

Environment Variables:
PATH=C:/Program Files/Java/jre1.8.0_71/bin/server;C:/Program Files/Java/jre1.8.0_71/bin;C:/Program Files/Java/jre1.8.0_71/lib/amd64;C:\ProgramData\Oracle\Java\javapath;C:\Windows\system32;C:\Windows;C:\Windows\System32\Wbem;C:\Windows\System32\WindowsPowerShell\v1.0\;C:\Program Files (x86)\NVIDIA Corporation\PhysX\Common;C:\Program Files\Java\jre1.8.0_66\bin\;C:\Program Files\openssl-0.9.8k_X64\bin\;C:\Program Files (x86)\Calibre2\;C:\Program Files (x86)\Skype\Phone\;C:\Program Files\Java\jdk1.8.0_66\bin\;;%SystemRoot%\system32;%SystemRoot%;%SystemRoot%\System32\Wbem;%SYSTEMROOT%\System32\WindowsPowerShell\v1.0\;C:\Users\akhou\Anaconda2;C:\Users\akhou\Anaconda2\Scripts;C:\Users\akhou\Anaconda2\Library\bin;C:\Users\akhou\AppData\Local\Pandoc\;C:\Program Files\MongoDB\Server\3.2\bin\;%USERPROFILE%\AppData\Local\Microsoft\WindowsApps;;C:\Users\akhou\Desktop;
USERNAME=akhou
OS=Windows_NT
PROCESSOR_IDENTIFIER=Intel64 Family 6 Model 60 Stepping 3, GenuineIntel



---------------  S Y S T E M  ---------------

OS: Windows 10.0 , 64 bit Build 14393 (10.0.14393.0)

CPU:total 8 (4 cores per cpu, 2 threads per core) family 6 model 60 stepping 3, cmov, cx8, fxsr, mmx, sse, sse2, sse3, ssse3, sse4.1, sse4.2, popcnt, avx, avx2, aes, clmul, erms, lzcnt, ht, tsc, tscinvbit, bmi1, bmi2

Memory: 4k page, physical 8293488k(3329736k free), swap 16682096k(10672116k free)

vm_info: Java HotSpot(TM) 64-Bit Server VM (25.71-b15) for windows-amd64 JRE (1.8.0_71-b15), built on Dec 22 2015 18:15:55 by "java_re" with MS VC++ 10.0 (VS2010)

time: Thu Oct 27 17:36:24 2016
elapsed time: 111 seconds (0d 0h 1m 51s)

