#
# A fatal error has been detected by the Java Runtime Environment:
#
#  EXCEPTION_ACCESS_VIOLATION (0xc0000005) at pc=0x0000000075773308, pid=5772, tid=11024
#
# JRE version: Java(TM) SE Runtime Environment (8.0_71-b15) (build 1.8.0_71-b15)
# Java VM: Java HotSpot(TM) 64-Bit Server VM (25.71-b15 mixed mode windows-amd64 compressed oops)
# Problematic frame:
# V  [jvm.dll+0x113308]
#
# Failed to write core dump. Minidumps are not enabled by default on client versions of Windows
#
# If you would like to submit a bug report, please visit:
#   http://bugreport.java.com/bugreport/crash.jsp
#

---------------  T H R E A D  ---------------

Current thread (0x0000000003124000):  GCTaskThread [stack: 0x0000000013370000,0x0000000013470000] [id=11024]

siginfo: ExceptionCode=0xc0000005, reading address 0xffffffffffffffff

Registers:
RAX=0x0000000013470000, RBX=0x00000000804d4880, RCX=0x0000000000000000, RDX=0x0000000000000010
RSP=0x000000001346f370, RBP=0x00000000859a154c, RSI=0x00000000031f1d00, RDI=0x00000000031f1d00
R8 =0x007fffffffff76a4, R9 =0x0000000100049ab8, R10=0x000000000000000c, R11=0x0000000075c57988
R12=0x00000000859a1550, R13=0x000000010004a048, R14=0x000000010004a050, R15=0x00000000859a1540
RIP=0x0000000075773308, EFLAGS=0x0000000000010202

Top of Stack: (sp=0x000000001346f370)
0x000000001346f370:   0000000100049ab8 00000000844d48a8
0x000000001346f380:   0000000000000002 000000007587b2e2
0x000000001346f390:   0000000000000000 0000000003124370
0x000000001346f3a0:   00000000031230b0 0000000000000007
0x000000001346f3b0:   00000000000001d5 0000000075a528d0
0x000000001346f3c0:   0000000019303ee8 0000000000000000
0x000000001346f3d0:   00000000031f1d00 0000000075ca9668
0x000000001346f3e0:   00000000844a1e38 0000000075a569d8
0x000000001346f3f0:   0000000075e6f600 0000000000000005
0x000000001346f400:   0000000000000000 0000000075772f29
0x000000001346f410:   0000000084d19bc4 00000000757733d6
0x000000001346f420:   00000000844a1e38 00000000031230b0
0x000000001346f430:   0000000003124380 0000000003124370
0x000000001346f440:   0000000075ca9668 0000000000000007
0x000000001346f450:   000000001a39e7d0 0000000000000000
0x000000001346f460:   00000000031f1d00 0000000075a5020f 

Instructions: (pc=0x0000000075773308)
0x00000000757732e8:   05 13 c3 6f 00 49 c1 e8 03 49 d3 e8 41 0f b6 c0
0x00000000757732f8:   49 c1 e8 06 24 3f 0f b6 d0 48 8b 05 28 c3 6f 00
0x0000000075773308:   4a 8b 0c c0 48 0f a3 d1 0f 82 59 01 00 00 0f b6
0x0000000075773318:   15 a4 cf 6e 00 84 d2 74 16 44 8b 43 08 8b 0d 65 


Register to memory mapping:

RAX=0x0000000013470000 is an unknown value
RBX=0x00000000804d4880 is an unknown value
RCX=0x0000000000000000 is an unknown value
RDX=0x0000000000000010 is an unknown value
RSP=0x000000001346f370 is an unknown value
RBP=0x00000000859a154c is pointing into object: 0x00000000859a1540
java.util.TreeMap$KeySet 
 - klass: 'java/util/TreeMap$KeySet'
RSI=0x00000000031f1d00 is an unknown value
RDI=0x00000000031f1d00 is an unknown value
R8 =0x007fffffffff76a4 is an unknown value
R9 =0x0000000100049ab8 is pointing into metadata
R10=0x000000000000000c is an unknown value
R11=0x0000000075c57988 is an unknown value
R12=0x00000000859a1550 is an oop
java.util.TreeMap$KeySet 
 - klass: 'java/util/TreeMap$KeySet'
R13=0x000000010004a048 is pointing into metadata
R14=0x000000010004a050 is pointing into metadata
R15=0x00000000859a1540 is an oop
java.util.TreeMap$KeySet 
 - klass: 'java/util/TreeMap$KeySet'


Stack: [0x0000000013370000,0x0000000013470000],  sp=0x000000001346f370,  free space=1020k
Native frames: (J=compiled Java code, j=interpreted, Vv=VM code, C=native code)
V  [jvm.dll+0x113308]
V  [jvm.dll+0x3f28d0]
V  [jvm.dll+0x3f020f]
V  [jvm.dll+0x3ed3fe]
V  [jvm.dll+0x29a10a]
C  [msvcr100.dll+0x21d9f]
C  [msvcr100.dll+0x21e3b]
C  [KERNEL32.DLL+0x8364]
C  [ntdll.dll+0x65e91]


---------------  P R O C E S S  ---------------

Java Threads: ( => current thread )
  0x000000001a3af800 JavaThread "Service Thread" daemon [_thread_blocked, id=10036, stack(0x000000001ace0000,0x000000001ade0000)]
  0x000000001a320000 JavaThread "C1 CompilerThread3" daemon [_thread_blocked, id=10588, stack(0x000000001abe0000,0x000000001ace0000)]
  0x000000001a31d000 JavaThread "C2 CompilerThread2" daemon [_thread_blocked, id=8244, stack(0x000000001aae0000,0x000000001abe0000)]
  0x000000001a308000 JavaThread "C2 CompilerThread1" daemon [_thread_blocked, id=10652, stack(0x000000001a9e0000,0x000000001aae0000)]
  0x000000001a305000 JavaThread "C2 CompilerThread0" daemon [_thread_blocked, id=10504, stack(0x000000001a8e0000,0x000000001a9e0000)]
  0x000000001a304000 JavaThread "Attach Listener" daemon [_thread_blocked, id=10480, stack(0x000000001a7e0000,0x000000001a8e0000)]
  0x000000001a310000 JavaThread "Signal Dispatcher" daemon [_thread_blocked, id=10596, stack(0x000000001a6e0000,0x000000001a7e0000)]
  0x00000000031fa800 JavaThread "Finalizer" daemon [_thread_blocked, id=11000, stack(0x000000001a0c0000,0x000000001a1c0000)]
  0x00000000181dd000 JavaThread "Reference Handler" daemon [_thread_blocked, id=10892, stack(0x0000000019fc0000,0x000000001a0c0000)]
  0x0000000003100800 JavaThread "main" [_thread_blocked, id=10956, stack(0x0000000002ff0000,0x00000000030f0000)]

Other Threads:
  0x00000000181d9000 VMThread [stack: 0x0000000019ec0000,0x0000000019fc0000] [id=11148]
  0x000000001a3c1000 WatcherThread [stack: 0x000000001ade0000,0x000000001aee0000] [id=11004]

=>0x0000000003124000 (exited) GCTaskThread [stack: 0x0000000013370000,0x0000000013470000] [id=11024]

VM state:at safepoint (normal execution)

VM Mutex/Monitor currently owned by a thread:  ([mutex/lock_event])
[0x0000000002f5c830] Threads_lock - owner thread: 0x00000000181d9000
[0x0000000002f5c430] Heap_lock - owner thread: 0x0000000003100800

Heap:
 PSYoungGen      total 542208K, used 5120K [0x00000000d5d00000, 0x00000000fdd80000, 0x0000000100000000)
  eden space 537088K, 0% used [0x00000000d5d00000,0x00000000d5d00000,0x00000000f6980000)
  from space 5120K, 100% used [0x00000000fd380000,0x00000000fd880000,0x00000000fd880000)
  to   space 5120K, 0% used [0x00000000fd880000,0x00000000fd880000,0x00000000fdd80000)
 ParOldGen       total 89088K, used 84479K [0x0000000081600000, 0x0000000086d00000, 0x00000000d5d00000)
  object space 89088K, 94% used [0x0000000081600000,0x000000008687fd20,0x0000000086d00000)
 Metaspace       used 3362K, capacity 4664K, committed 4864K, reserved 1056768K
  class space    used 372K, capacity 424K, committed 512K, reserved 1048576K

Card table byte_map: [0x00000000125c0000,0x00000000129c0000] byte_map_base: 0x00000000121b5000

Marking Bits: (ParMarkBitMap*) 0x0000000075e6f600
 Begin Bits: [0x0000000013470000, 0x0000000015418000)
 End Bits:   [0x0000000015418000, 0x00000000173c0000)

Polling page: 0x0000000002f30000

CodeCache: size=245760Kb used=3456Kb max_used=3916Kb free=242303Kb
 bounds [0x0000000003200000, 0x0000000003650000, 0x0000000012200000]
 total_blobs=656 nmethods=420 adapters=149
 compilation: enabled

Compilation events (10 events):
Event: 289.680 Thread 0x000000001a320000  584 % !   3       java.lang.ref.Reference$ReferenceHandler::run @ 0 (102 bytes)
Event: 289.681 Thread 0x000000001a320000 nmethod 584% 0x00000000033ec410 code [0x00000000033ec620, 0x00000000033ed368]
Event: 289.682 Thread 0x000000001a320000  585 % !   3       java.lang.ref.Finalizer$FinalizerThread::run @ 33 (55 bytes)
Event: 289.682 Thread 0x000000001a320000 nmethod 585% 0x0000000003375250 code [0x0000000003375480, 0x0000000003376168]
Event: 298.861 Thread 0x000000001a320000  586   !   3       java.lang.ref.Reference$ReferenceHandler::run (102 bytes)
Event: 298.862 Thread 0x000000001a320000 nmethod 586 0x00000000033405d0 code [0x00000000033407e0, 0x0000000003341508]
Event: 298.863 Thread 0x000000001a320000  587   !   3       java.lang.ref.Finalizer$FinalizerThread::run (55 bytes)
Event: 298.863 Thread 0x000000001a320000 nmethod 587 0x0000000003398ad0 code [0x0000000003398d00, 0x00000000033999c8]
Event: 335.186 Thread 0x000000001a308000  588       4       java.lang.AbstractStringBuilder::append (40 bytes)
Event: 335.188 Thread 0x000000001a308000 nmethod 588 0x00000000033eaa10 code [0x00000000033eab60, 0x00000000033eaef8]

GC Heap History (10 events):
Event: 362.655 GC heap after
Heap after GC invocations=536 (full 13):
 PSYoungGen      total 539136K, used 389K [0x00000000d5d00000, 0x00000000fe800000, 0x0000000100000000)
  eden space 532480K, 0% used [0x00000000d5d00000,0x00000000d5d00000,0x00000000f6500000)
  from space 6656K, 5% used [0x00000000fdb00000,0x00000000fdb61450,0x00000000fe180000)
  to   space 6144K, 0% used [0x00000000fe200000,0x00000000fe200000,0x00000000fe800000)
 ParOldGen       total 89088K, used 69823K [0x0000000081600000, 0x0000000086d00000, 0x00000000d5d00000)
  object space 89088K, 78% used [0x0000000081600000,0x0000000085a2fd20,0x0000000086d00000)
 Metaspace       used 3362K, capacity 4664K, committed 4864K, reserved 1056768K
  class space    used 372K, capacity 424K, committed 512K, reserved 1048576K
}
Event: 362.765 GC heap before
{Heap before GC invocations=537 (full 13):
 PSYoungGen      total 539136K, used 532869K [0x00000000d5d00000, 0x00000000fe800000, 0x0000000100000000)
  eden space 532480K, 100% used [0x00000000d5d00000,0x00000000f6500000,0x00000000f6500000)
  from space 6656K, 5% used [0x00000000fdb00000,0x00000000fdb61450,0x00000000fe180000)
  to   space 6144K, 0% used [0x00000000fe200000,0x00000000fe200000,0x00000000fe800000)
 ParOldGen       total 89088K, used 69823K [0x0000000081600000, 0x0000000086d00000, 0x00000000d5d00000)
  object space 89088K, 78% used [0x0000000081600000,0x0000000085a2fd20,0x0000000086d00000)
 Metaspace       used 3362K, capacity 4664K, committed 4864K, reserved 1056768K
  class space    used 372K, capacity 424K, committed 512K, reserved 1048576K
Event: 362.767 GC heap after
Heap after GC invocations=537 (full 13):
 PSYoungGen      total 508928K, used 411K [0x00000000d5d00000, 0x00000000fe280000, 0x0000000100000000)
  eden space 508416K, 0% used [0x00000000d5d00000,0x00000000d5d00000,0x00000000f4d80000)
  from space 512K, 80% used [0x00000000fe200000,0x00000000fe266cb8,0x00000000fe280000)
  to   space 5632K, 0% used [0x00000000fd780000,0x00000000fd780000,0x00000000fdd00000)
 ParOldGen       total 89088K, used 69887K [0x0000000081600000, 0x0000000086d00000, 0x00000000d5d00000)
  object space 89088K, 78% used [0x0000000081600000,0x0000000085a3fd20,0x0000000086d00000)
 Metaspace       used 3362K, capacity 4664K, committed 4864K, reserved 1056768K
  class space    used 372K, capacity 424K, committed 512K, reserved 1048576K
}
Event: 362.877 GC heap before
{Heap before GC invocations=538 (full 13):
 PSYoungGen      total 508928K, used 508827K [0x00000000d5d00000, 0x00000000fe280000, 0x0000000100000000)
  eden space 508416K, 100% used [0x00000000d5d00000,0x00000000f4d80000,0x00000000f4d80000)
  from space 512K, 80% used [0x00000000fe200000,0x00000000fe266cb8,0x00000000fe280000)
  to   space 5632K, 0% used [0x00000000fd780000,0x00000000fd780000,0x00000000fdd00000)
 ParOldGen       total 89088K, used 69887K [0x0000000081600000, 0x0000000086d00000, 0x00000000d5d00000)
  object space 89088K, 78% used [0x0000000081600000,0x0000000085a3fd20,0x0000000086d00000)
 Metaspace       used 3362K, capacity 4664K, committed 4864K, reserved 1056768K
  class space    used 372K, capacity 424K, committed 512K, reserved 1048576K
Event: 362.878 GC heap after
Heap after GC invocations=538 (full 13):
 PSYoungGen      total 491520K, used 394K [0x00000000d5d00000, 0x00000000fe280000, 0x0000000100000000)
  eden space 485888K, 0% used [0x00000000d5d00000,0x00000000d5d00000,0x00000000f3780000)
  from space 5632K, 6% used [0x00000000fd780000,0x00000000fd7e28c8,0x00000000fdd00000)
  to   space 5632K, 0% used [0x00000000fdd00000,0x00000000fdd00000,0x00000000fe280000)
 ParOldGen       total 89088K, used 69943K [0x0000000081600000, 0x0000000086d00000, 0x00000000d5d00000)
  object space 89088K, 78% used [0x0000000081600000,0x0000000085a4dd20,0x0000000086d00000)
 Metaspace       used 3362K, capacity 4664K, committed 4864K, reserved 1056768K
  class space    used 372K, capacity 424K, committed 512K, reserved 1048576K
}
Event: 362.990 GC heap before
{Heap before GC invocations=539 (full 13):
 PSYoungGen      total 491520K, used 486282K [0x00000000d5d00000, 0x00000000fe280000, 0x0000000100000000)
  eden space 485888K, 100% used [0x00000000d5d00000,0x00000000f3780000,0x00000000f3780000)
  from space 5632K, 6% used [0x00000000fd780000,0x00000000fd7e28c8,0x00000000fdd00000)
  to   space 5632K, 0% used [0x00000000fdd00000,0x00000000fdd00000,0x00000000fe280000)
 ParOldGen       total 89088K, used 69943K [0x0000000081600000, 0x0000000086d00000, 0x00000000d5d00000)
  object space 89088K, 78% used [0x0000000081600000,0x0000000085a4dd20,0x0000000086d00000)
 Metaspace       used 3362K, capacity 4664K, committed 4864K, reserved 1056768K
  class space    used 372K, capacity 424K, committed 512K, reserved 1048576K
Event: 362.992 GC heap after
Heap after GC invocations=539 (full 13):
 PSYoungGen      total 562688K, used 443K [0x00000000d5d00000, 0x00000000fdd80000, 0x0000000100000000)
  eden space 562176K, 0% used [0x00000000d5d00000,0x00000000d5d00000,0x00000000f8200000)
  from space 512K, 86% used [0x00000000fdd00000,0x00000000fdd6ef88,0x00000000fdd80000)
  to   space 5120K, 0% used [0x00000000fd380000,0x00000000fd380000,0x00000000fd880000)
 ParOldGen       total 89088K, used 70007K [0x0000000081600000, 0x0000000086d00000, 0x00000000d5d00000)
  object space 89088K, 78% used [0x0000000081600000,0x0000000085a5dd20,0x0000000086d00000)
 Metaspace       used 3362K, capacity 4664K, committed 4864K, reserved 1056768K
  class space    used 372K, capacity 424K, committed 512K, reserved 1048576K
}
Event: 373.788 GC heap before
{Heap before GC invocations=540 (full 13):
 PSYoungGen      total 562688K, used 562619K [0x00000000d5d00000, 0x00000000fdd80000, 0x0000000100000000)
  eden space 562176K, 100% used [0x00000000d5d00000,0x00000000f8200000,0x00000000f8200000)
  from space 512K, 86% used [0x00000000fdd00000,0x00000000fdd6ef88,0x00000000fdd80000)
  to   space 5120K, 0% used [0x00000000fd380000,0x00000000fd380000,0x00000000fd880000)
 ParOldGen       total 89088K, used 70007K [0x0000000081600000, 0x0000000086d00000, 0x00000000d5d00000)
  object space 89088K, 78% used [0x0000000081600000,0x0000000085a5dd20,0x0000000086d00000)
 Metaspace       used 3362K, capacity 4664K, committed 4864K, reserved 1056768K
  class space    used 372K, capacity 424K, committed 512K, reserved 1048576K
Event: 373.804 GC heap after
Heap after GC invocations=540 (full 13):
 PSYoungGen      total 542208K, used 5120K [0x00000000d5d00000, 0x00000000fdd80000, 0x0000000100000000)
  eden space 537088K, 0% used [0x00000000d5d00000,0x00000000d5d00000,0x00000000f6980000)
  from space 5120K, 100% used [0x00000000fd380000,0x00000000fd880000,0x00000000fd880000)
  to   space 5120K, 0% used [0x00000000fd880000,0x00000000fd880000,0x00000000fdd80000)
 ParOldGen       total 89088K, used 84479K [0x0000000081600000, 0x0000000086d00000, 0x00000000d5d00000)
  object space 89088K, 94% used [0x0000000081600000,0x000000008687fd20,0x0000000086d00000)
 Metaspace       used 3362K, capacity 4664K, committed 4864K, reserved 1056768K
  class space    used 372K, capacity 424K, committed 512K, reserved 1048576K
}
Event: 373.804 GC heap before
{Heap before GC invocations=541 (full 14):
 PSYoungGen      total 542208K, used 5120K [0x00000000d5d00000, 0x00000000fdd80000, 0x0000000100000000)
  eden space 537088K, 0% used [0x00000000d5d00000,0x00000000d5d00000,0x00000000f6980000)
  from space 5120K, 100% used [0x00000000fd380000,0x00000000fd880000,0x00000000fd880000)
  to   space 5120K, 0% used [0x00000000fd880000,0x00000000fd880000,0x00000000fdd80000)
 ParOldGen       total 89088K, used 84479K [0x0000000081600000, 0x0000000086d00000, 0x00000000d5d00000)
  object space 89088K, 94% used [0x0000000081600000,0x000000008687fd20,0x0000000086d00000)
 Metaspace       used 3362K, capacity 4664K, committed 4864K, reserved 1056768K
  class space    used 372K, capacity 424K, committed 512K, reserved 1048576K

Deoptimization events (10 events):
Event: 37.028 Thread 0x00000000031fa800 Uncommon trap: reason=bimorphic action=maybe_recompile pc=0x000000000332a1a0 method=java.lang.System$2.invokeFinalize(Ljava/lang/Object;)V @ 1
Event: 37.028 Thread 0x00000000031fa800 Uncommon trap: reason=bimorphic action=maybe_recompile pc=0x000000000332a1a0 method=java.lang.System$2.invokeFinalize(Ljava/lang/Object;)V @ 1
Event: 37.028 Thread 0x00000000031fa800 Uncommon trap: reason=bimorphic action=maybe_recompile pc=0x000000000332a1a0 method=java.lang.System$2.invokeFinalize(Ljava/lang/Object;)V @ 1
Event: 37.028 Thread 0x00000000031fa800 Uncommon trap: reason=bimorphic action=maybe_recompile pc=0x000000000332a1a0 method=java.lang.System$2.invokeFinalize(Ljava/lang/Object;)V @ 1
Event: 63.624 Thread 0x0000000003100800 Uncommon trap: reason=unstable_if action=reinterpret pc=0x000000000331e360 method=org.tartarus.snowball.SnowballProgram.in_grouping_b([CII)Z @ 37
Event: 102.598 Thread 0x0000000003100800 Uncommon trap: reason=unstable_if action=reinterpret pc=0x00000000035af980 method=sun.nio.cs.UTF_8$Decoder.decodeArrayLoop(Ljava/nio/ByteBuffer;Ljava/nio/CharBuffer;)Ljava/nio/charset/CoderResult; @ 287
Event: 143.996 Thread 0x0000000003100800 Uncommon trap: reason=unstable_if action=reinterpret pc=0x000000000351e440 method=Common.FrenchTokenizerAutomaton.feedCharL0(C)LCommon/FrenchTokenizerAutomaton$Signal; @ 96
Event: 169.628 Thread 0x0000000003100800 Uncommon trap: reason=unstable_if action=reinterpret pc=0x00000000033e3ab0 method=org.tartarus.snowball.SnowballProgram.in_grouping_b([CII)Z @ 31
Event: 174.501 Thread 0x0000000003100800 Uncommon trap: reason=unstable_if action=reinterpret pc=0x0000000003521a6c method=java.lang.String.toLowerCase(Ljava/util/Locale;)Ljava/lang/String; @ 226
Event: 195.697 Thread 0x0000000003100800 Uncommon trap: reason=unstable_if action=reinterpret pc=0x0000000003330780 method=sun.nio.cs.UTF_8$Decoder.isMalformed3(III)Z @ 3

Internal exceptions (7 events):
Event: 0.025 Thread 0x0000000003100800 Exception <a 'java/lang/NoSuchMethodError': Method sun.misc.Unsafe.defineClass(Ljava/lang/String;[BII)Ljava/lang/Class; name or signature does not match> (0x00000000d5d0d650) thrown at [C:\re\workspace\8-2-build-windows-amd64-cygwin\jdk8u71\5731\hotspot\srð×lAh™?
Event: 0.025 Thread 0x0000000003100800 Exception <a 'java/lang/NoSuchMethodError': Method sun.misc.Unsafe.prefetchRead(Ljava/lang/Object;J)V name or signature does not match> (0x00000000d5d0d938) thrown at [C:\re\workspace\8-2-build-windows-amd64-cygwin\jdk8u71\5731\hotspot\src\share\vm\prims\jSa}‹³@
Event: 6.925 Thread 0x0000000003100800 Implicit null exception at 0x0000000003507aaf to 0x00000000035099a9
Event: 10.173 Thread 0x0000000003100800 Exception <a 'java/security/PrivilegedActionException'> (0x00000000f76b8430) thrown at [C:\re\workspace\8-2-build-windows-amd64-cygwin\jdk8u71\5731\hotspot\src\share\vm\prims\jvm.cpp, line 1386]
Event: 10.173 Thread 0x0000000003100800 Exception <a 'java/security/PrivilegedActionException'> (0x00000000f76b8828) thrown at [C:\re\workspace\8-2-build-windows-amd64-cygwin\jdk8u71\5731\hotspot\src\share\vm\prims\jvm.cpp, line 1386]
Event: 10.173 Thread 0x0000000003100800 Exception <a 'java/security/PrivilegedActionException'> (0x00000000f76bc7a0) thrown at [C:\re\workspace\8-2-build-windows-amd64-cygwin\jdk8u71\5731\hotspot\src\share\vm\prims\jvm.cpp, line 1386]
Event: 10.173 Thread 0x0000000003100800 Exception <a 'java/security/PrivilegedActionException'> (0x00000000f76bcb98) thrown at [C:\re\workspace\8-2-build-windows-amd64-cygwin\jdk8u71\5731\hotspot\src\share\vm\prims\jvm.cpp, line 1386]

Events (10 events):
Event: 362.531 Executing VM operation: ParallelGCFailedAllocation done
Event: 362.654 Executing VM operation: ParallelGCFailedAllocation
Event: 362.655 Executing VM operation: ParallelGCFailedAllocation done
Event: 362.765 Executing VM operation: ParallelGCFailedAllocation
Event: 362.767 Executing VM operation: ParallelGCFailedAllocation done
Event: 362.877 Executing VM operation: ParallelGCFailedAllocation
Event: 362.878 Executing VM operation: ParallelGCFailedAllocation done
Event: 362.990 Executing VM operation: ParallelGCFailedAllocation
Event: 362.992 Executing VM operation: ParallelGCFailedAllocation done
Event: 373.788 Executing VM operation: ParallelGCFailedAllocation


Dynamic libraries:
0x00007ff644e10000 - 0x00007ff644e47000 	C:\Program Files\Java\jre1.8.0_71\bin\javaw.exe
0x00007ffc932f0000 - 0x00007ffc934c1000 	C:\WINDOWS\SYSTEM32\ntdll.dll
0x00007ffc90c10000 - 0x00007ffc90cbb000 	C:\WINDOWS\System32\KERNEL32.DLL
0x00007ffc90660000 - 0x00007ffc9087d000 	C:\WINDOWS\System32\KERNELBASE.dll
0x00007ffc90b60000 - 0x00007ffc90c02000 	C:\WINDOWS\System32\ADVAPI32.dll
0x00007ffc91140000 - 0x00007ffc911de000 	C:\WINDOWS\System32\msvcrt.dll
0x00007ffc90d40000 - 0x00007ffc90d99000 	C:\WINDOWS\System32\sechost.dll
0x00007ffc93160000 - 0x00007ffc93281000 	C:\WINDOWS\System32\RPCRT4.dll
0x00007ffc92ff0000 - 0x00007ffc93155000 	C:\WINDOWS\System32\USER32.dll
0x00007ffc905a0000 - 0x00007ffc905be000 	C:\WINDOWS\System32\win32u.dll
0x00007ffc911e0000 - 0x00007ffc91214000 	C:\WINDOWS\System32\GDI32.dll
0x00007ffc8f7e0000 - 0x00007ffc8f962000 	C:\WINDOWS\System32\gdi32full.dll
0x00007ffc8b6e0000 - 0x00007ffc8b959000 	C:\WINDOWS\WinSxS\amd64_microsoft.windows.common-controls_6595b64144ccf1df_6.0.14393.0_none_2d0f50fcbdb171b8\COMCTL32.dll
0x00007ffc90880000 - 0x00007ffc90b47000 	C:\WINDOWS\System32\combase.dll
0x00007ffc90390000 - 0x00007ffc90485000 	C:\WINDOWS\System32\ucrtbase.dll
0x00007ffc90320000 - 0x00007ffc9038a000 	C:\WINDOWS\System32\bcryptPrimitives.dll
0x00007ffc92730000 - 0x00007ffc9275e000 	C:\WINDOWS\System32\IMM32.DLL
0x0000000075580000 - 0x0000000075652000 	C:\Program Files\Java\jre1.8.0_71\bin\msvcr100.dll
0x0000000075660000 - 0x0000000075eef000 	C:\Program Files\Java\jre1.8.0_71\bin\server\jvm.dll
0x00007ffc90d30000 - 0x00007ffc90d38000 	C:\WINDOWS\System32\PSAPI.DLL
0x00007ffc73310000 - 0x00007ffc73319000 	C:\WINDOWS\SYSTEM32\WSOCK32.dll
0x00007ffc8cad0000 - 0x00007ffc8caf3000 	C:\WINDOWS\SYSTEM32\WINMM.dll
0x00007ffc8dc90000 - 0x00007ffc8dc9a000 	C:\WINDOWS\SYSTEM32\VERSION.dll
0x00007ffc92c70000 - 0x00007ffc92cda000 	C:\WINDOWS\System32\WS2_32.dll
0x0000000002f00000 - 0x0000000002f2b000 	C:\WINDOWS\SYSTEM32\WINMMBASE.dll
0x00007ffc90100000 - 0x00007ffc90142000 	C:\WINDOWS\System32\cfgmgr32.dll
0x0000000075570000 - 0x000000007557f000 	C:\Program Files\Java\jre1.8.0_71\bin\verify.dll
0x0000000075540000 - 0x0000000075569000 	C:\Program Files\Java\jre1.8.0_71\bin\java.dll
0x0000000075520000 - 0x0000000075536000 	C:\Program Files\Java\jre1.8.0_71\bin\zip.dll
0x00007ffc91220000 - 0x00007ffc92728000 	C:\WINDOWS\System32\SHELL32.dll
0x00007ffc8fa20000 - 0x00007ffc900fa000 	C:\WINDOWS\System32\windows.storage.dll
0x00007ffc8f780000 - 0x00007ffc8f7cc000 	C:\WINDOWS\System32\powrprof.dll
0x00007ffc92e80000 - 0x00007ffc92ed2000 	C:\WINDOWS\System32\shlwapi.dll
0x00007ffc8f7d0000 - 0x00007ffc8f7df000 	C:\WINDOWS\System32\kernel.appcore.dll
0x00007ffc90490000 - 0x00007ffc90539000 	C:\WINDOWS\System32\shcore.dll
0x00007ffc8f750000 - 0x00007ffc8f764000 	C:\WINDOWS\System32\profapi.dll
0x00007ffc8f3b0000 - 0x00007ffc8f542000 	C:\WINDOWS\SYSTEM32\dbghelp.dll

VM Arguments:
jvm_args: -Dfile.encoding=UTF-8 
java_command: Main.IndexGenerator
java_class_path (initial): C:\Users\akhou\OneDrive\Documents\Master\REI\SearchEngine\bin
Launcher Type: SUN_STANDARD

Environment Variables:
PATH=C:/Program Files/Java/jre1.8.0_71/bin/server;C:/Program Files/Java/jre1.8.0_71/bin;C:/Program Files/Java/jre1.8.0_71/lib/amd64;C:\ProgramData\Oracle\Java\javapath;C:\Windows\system32;C:\Windows;C:\Windows\System32\Wbem;C:\Windows\System32\WindowsPowerShell\v1.0\;C:\Program Files (x86)\NVIDIA Corporation\PhysX\Common;C:\Program Files\Java\jre1.8.0_66\bin\;C:\Program Files\openssl-0.9.8k_X64\bin\;C:\Program Files (x86)\Calibre2\;C:\Program Files (x86)\Skype\Phone\;C:\Program Files\Java\jdk1.8.0_66\bin\;;%SystemRoot%\system32;%SystemRoot%;%SystemRoot%\System32\Wbem;%SYSTEMROOT%\System32\WindowsPowerShell\v1.0\;C:\Users\akhou\Anaconda2;C:\Users\akhou\Anaconda2\Scripts;C:\Users\akhou\Anaconda2\Library\bin;C:\Users\akhou\AppData\Local\Pandoc\;C:\Program Files\MongoDB\Server\3.2\bin\;%USERPROFILE%\AppData\Local\Microsoft\WindowsApps;;C:\Dev\Tools\java-neon\eclipse;
USERNAME=akhou
OS=Windows_NT
PROCESSOR_IDENTIFIER=Intel64 Family 6 Model 60 Stepping 3, GenuineIntel



---------------  S Y S T E M  ---------------

OS: Windows 10.0 , 64 bit Build 14393 (10.0.14393.0)

CPU:total 8 (4 cores per cpu, 2 threads per core) family 6 model 60 stepping 3, cmov, cx8, fxsr, mmx, sse, sse2, sse3, ssse3, sse4.1, sse4.2, popcnt, avx, avx2, aes, clmul, erms, lzcnt, ht, tsc, tscinvbit, bmi1, bmi2

Memory: 4k page, physical 8293488k(3080692k free), swap 16682096k(10642292k free)

vm_info: Java HotSpot(TM) 64-Bit Server VM (25.71-b15) for windows-amd64 JRE (1.8.0_71-b15), built on Dec 22 2015 18:15:55 by "java_re" with MS VC++ 10.0 (VS2010)

time: Thu Oct 27 16:49:05 2016
elapsed time: 373 seconds (0d 0h 6m 13s)

