#
# A fatal error has been detected by the Java Runtime Environment:
#
#  EXCEPTION_ACCESS_VIOLATION (0xc0000005) at pc=0x000000000277e2e5, pid=9352, tid=8952
#
# JRE version: Java(TM) SE Runtime Environment (8.0_71-b15) (build 1.8.0_71-b15)
# Java VM: Java HotSpot(TM) 64-Bit Server VM (25.71-b15 mixed mode windows-amd64 compressed oops)
# Problematic frame:
# J 520 C2 Common.Utils.saveInvertedFile(Ljava/util/TreeMap;Ljava/io/File;)V (234 bytes) @ 0x000000000277e2e5 [0x000000000277d1a0+0x1145]
#
# Failed to write core dump. Minidumps are not enabled by default on client versions of Windows
#
# If you would like to submit a bug report, please visit:
#   http://bugreport.java.com/bugreport/crash.jsp
#

---------------  T H R E A D  ---------------

Current thread (0x00000000022c0800):  JavaThread "main" [_thread_in_Java, id=8952, stack(0x00000000021c0000,0x00000000022c0000)]

siginfo: ExceptionCode=0xc0000005, reading address 0x000000006783a630

Registers:
RAX=0x00000000f8659ad8, RBX=0x0000000000011f7f, RCX=0x0000000084dc0458, RDX=0x0000000000000000
RSP=0x00000000022bf360, RBP=0x0000000084dc0430, RSI=0x0000000084d37738, RDI=0x0000000084d37738
R8 =0x000000006783a618, R9 =0x0000000084dc0430, R10=0x00000000f8635b68, R11=0x0000000084dc0430
R12=0x0000000000000000, R13=0x0000000000000002, R14=0x0000000000000005, R15=0x00000000022c0800
RIP=0x000000000277e2e5, EFLAGS=0x0000000000010206

Top of Stack: (sp=0x00000000022bf360)
0x00000000022bf360:   0000000081605208 8164479800000000
0x00000000022bf370:   0000000081644650 0000000081644670
0x00000000022bf380:   0000000085c331d0 0000000085c331d0
0x00000000022bf390:   0000000084d37740 00000001000016d0
0x00000000022bf3a0:   000000008163a278 0000000084d37710
0x00000000022bf3b0:   0000000084dc0430 0000000084d37750
0x00000000022bf3c0:   0000065e0000065e 00000001000065fc
0x00000000022bf3d0:   0000000084dc0df0 00000000f8635b68
0x00000000022bf3e0:   0000000084826850 0000000084dc0430
0x00000000022bf3f0:   00000001fffffff8 00000000023c7730
0x00000000022bf400:   0000000000000001 00000000f8659ad8
0x00000000022bf410:   000000008482afb8 0000000084d376e8
0x00000000022bf420:   0000000084826850 0000000085c331a8
0x00000000022bf430:   0000000100049ab8 0000000000000007
0x00000000022bf440:   0000000000000031 00000000169ff180
0x00000000022bf450:   0000000000000000 00000000022bf470 

Instructions: (pc=0x000000000277e2e5)
0x000000000277e2c5:   04 00 00 45 8b 50 0c 45 8b 58 0c 49 8b eb 48 89
0x000000000277e2d5:   6c 24 78 4c 89 84 24 a8 00 00 00 e9 f9 01 00 00
0x000000000277e2e5:   45 8b 58 18 45 85 db 75 0d 4d 8b d8 4c 89 5c 24
0x000000000277e2f5:   50 eb 20 44 8b db 49 b8 68 a2 63 81 00 00 00 00 


Register to memory mapping:

RAX=0x00000000f8659ad8 is an oop
java.lang.String 
 - klass: 'java/lang/String'
RBX=0x0000000000011f7f is an unknown value
RCX=0x0000000084dc0458 is an oop
java.util.TreeMap$Entry 
 - klass: 'java/util/TreeMap$Entry'
RDX=0x0000000000000000 is an unknown value
RSP=0x00000000022bf360 is pointing into the stack for thread: 0x00000000022c0800
RBP=0x0000000084dc0430 is an oop
java.util.TreeMap$Entry 
 - klass: 'java/util/TreeMap$Entry'
RSI=0x0000000084d37738 is pointing into object: 0x0000000084d37728
[C 
 - klass: {type array char}
 - length: 2
RDI=0x0000000084d37738 is pointing into object: 0x0000000084d37728
[C 
 - klass: {type array char}
 - length: 2
R8 =0x000000006783a618 is an unknown value
R9 =0x0000000084dc0430 is an oop
java.util.TreeMap$Entry 
 - klass: 'java/util/TreeMap$Entry'
R10=0x00000000f8635b68 is an oop
[C 
 - klass: {type array char}
 - length: 73645
R11=0x0000000084dc0430 is an oop
java.util.TreeMap$Entry 
 - klass: 'java/util/TreeMap$Entry'
R12=0x0000000000000000 is an unknown value
R13=0x0000000000000002 is an unknown value
R14=0x0000000000000005 is an unknown value
R15=0x00000000022c0800 is a thread


Stack: [0x00000000021c0000,0x00000000022c0000],  sp=0x00000000022bf360,  free space=1020k
Native frames: (J=compiled Java code, j=interpreted, Vv=VM code, C=native code)
C  0x000000000277e2e5


---------------  P R O C E S S  ---------------

Java Threads: ( => current thread )
  0x0000000019544000 JavaThread "Service Thread" daemon [_thread_blocked, id=6028, stack(0x0000000019e60000,0x0000000019f60000)]
  0x00000000194a6800 JavaThread "C1 CompilerThread3" daemon [_thread_blocked, id=5392, stack(0x0000000019d60000,0x0000000019e60000)]
  0x000000001949b000 JavaThread "C2 CompilerThread2" daemon [_thread_blocked, id=2452, stack(0x0000000019c60000,0x0000000019d60000)]
  0x0000000019487800 JavaThread "C2 CompilerThread1" daemon [_thread_blocked, id=8892, stack(0x0000000019b60000,0x0000000019c60000)]
  0x0000000019485000 JavaThread "C2 CompilerThread0" daemon [_thread_blocked, id=984, stack(0x0000000019a60000,0x0000000019b60000)]
  0x0000000019483800 JavaThread "Attach Listener" daemon [_thread_blocked, id=7848, stack(0x0000000019960000,0x0000000019a60000)]
  0x000000001948f800 JavaThread "Signal Dispatcher" daemon [_thread_blocked, id=9316, stack(0x0000000019860000,0x0000000019960000)]
  0x00000000023ba800 JavaThread "Finalizer" daemon [_thread_blocked, id=2616, stack(0x0000000019250000,0x0000000019350000)]
  0x00000000023b4000 JavaThread "Reference Handler" daemon [_thread_blocked, id=9312, stack(0x0000000019150000,0x0000000019250000)]
=>0x00000000022c0800 JavaThread "main" [_thread_in_Java, id=8952, stack(0x00000000021c0000,0x00000000022c0000)]

Other Threads:
  0x0000000017369800 VMThread [stack: 0x0000000019050000,0x0000000019150000] [id=8916]
  0x0000000019566800 WatcherThread [stack: 0x0000000019f60000,0x000000001a060000] [id=2320]

VM state:not at safepoint (normal execution)

VM Mutex/Monitor currently owned by a thread: None

Heap:
 PSYoungGen      total 673792K, used 579371K [0x00000000d5d00000, 0x0000000100000000, 0x0000000100000000)
  eden space 656384K, 88% used [0x00000000d5d00000,0x00000000f926ead8,0x00000000fde00000)
  from space 17408K, 2% used [0x00000000fde00000,0x00000000fde5c428,0x00000000fef00000)
  to   space 16384K, 0% used [0x00000000ff000000,0x00000000ff000000,0x0000000100000000)
 ParOldGen       total 131072K, used 73791K [0x0000000081600000, 0x0000000089600000, 0x00000000d5d00000)
  object space 131072K, 56% used [0x0000000081600000,0x0000000085e0fe88,0x0000000089600000)
 Metaspace       used 3361K, capacity 4664K, committed 4864K, reserved 1056768K
  class space    used 372K, capacity 424K, committed 512K, reserved 1048576K

Card table byte_map: [0x0000000011780000,0x0000000011b80000] byte_map_base: 0x0000000011375000

Marking Bits: (ParMarkBitMap*) 0x0000000075e6f600
 Begin Bits: [0x0000000012630000, 0x00000000145d8000)
 End Bits:   [0x00000000145d8000, 0x0000000016580000)

Polling page: 0x0000000000960000

CodeCache: size=245760Kb used=3596Kb max_used=4020Kb free=242163Kb
 bounds [0x00000000023c0000, 0x00000000027c0000, 0x00000000113c0000]
 total_blobs=713 nmethods=477 adapters=149
 compilation: enabled

Compilation events (10 events):
Event: 103.162 Thread 0x00000000194a6800  591 % !   3       java.lang.ref.Finalizer$FinalizerThread::run @ 33 (55 bytes)
Event: 103.162 Thread 0x00000000194a6800 nmethod 591% 0x000000000250f010 code [0x000000000250f240, 0x000000000250ff28]
Event: 105.384 Thread 0x00000000194a6800  592   !   3       java.lang.ref.Reference$ReferenceHandler::run (102 bytes)
Event: 105.385 Thread 0x00000000194a6800 nmethod 592 0x00000000024f4650 code [0x00000000024f4860, 0x00000000024f5588]
Event: 106.918 Thread 0x00000000194a6800  593   !   3       java.lang.ref.Finalizer$FinalizerThread::run (55 bytes)
Event: 106.919 Thread 0x00000000194a6800 nmethod 593 0x00000000027a51d0 code [0x00000000027a5400, 0x00000000027a60c8]
Event: 110.645 Thread 0x0000000019487800  594       4       java.lang.AbstractStringBuilder::expandCapacity (50 bytes)
Event: 110.647 Thread 0x0000000019487800 nmethod 594 0x00000000024eff50 code [0x00000000024f00a0, 0x00000000024f0318]
Event: 121.730 Thread 0x000000001949b000  595  s    4       java.lang.StringBuffer::append (15 bytes)
Event: 121.734 Thread 0x000000001949b000 nmethod 595 0x00000000024dae10 code [0x00000000024daf60, 0x00000000024db598]

GC Heap History (10 events):
Event: 124.012 GC heap before
{Heap before GC invocations=432 (full 9):
 PSYoungGen      total 677888K, used 668416K [0x00000000d5d00000, 0x00000000ffe80000, 0x0000000100000000)
  eden space 668160K, 100% used [0x00000000d5d00000,0x00000000fe980000,0x00000000fe980000)
  from space 9728K, 2% used [0x00000000ff500000,0x00000000ff540000,0x00000000ffe80000)
  to   space 10752K, 0% used [0x00000000fe980000,0x00000000fe980000,0x00000000ff400000)
 ParOldGen       total 131072K, used 51191K [0x0000000081600000, 0x0000000089600000, 0x00000000d5d00000)
  object space 131072K, 39% used [0x0000000081600000,0x00000000847fde68,0x0000000089600000)
 Metaspace       used 3361K, capacity 4664K, committed 4864K, reserved 1056768K
  class space    used 372K, capacity 424K, committed 512K, reserved 1048576K
Event: 124.014 GC heap after
Heap after GC invocations=432 (full 9):
 PSYoungGen      total 678912K, used 318K [0x00000000d5d00000, 0x00000000fff00000, 0x0000000100000000)
  eden space 668160K, 0% used [0x00000000d5d00000,0x00000000d5d00000,0x00000000fe980000)
  from space 10752K, 2% used [0x00000000fe980000,0x00000000fe9cf8c0,0x00000000ff400000)
  to   space 9728K, 0% used [0x00000000ff580000,0x00000000ff580000,0x00000000fff00000)
 ParOldGen       total 131072K, used 51263K [0x0000000081600000, 0x0000000089600000, 0x00000000d5d00000)
  object space 131072K, 39% used [0x0000000081600000,0x000000008480fe68,0x0000000089600000)
 Metaspace       used 3361K, capacity 4664K, committed 4864K, reserved 1056768K
  class space    used 372K, capacity 424K, committed 512K, reserved 1048576K
}
Event: 124.591 GC heap before
{Heap before GC invocations=433 (full 9):
 PSYoungGen      total 678912K, used 668478K [0x00000000d5d00000, 0x00000000fff00000, 0x0000000100000000)
  eden space 668160K, 100% used [0x00000000d5d00000,0x00000000fe980000,0x00000000fe980000)
  from space 10752K, 2% used [0x00000000fe980000,0x00000000fe9cf8c0,0x00000000ff400000)
  to   space 9728K, 0% used [0x00000000ff580000,0x00000000ff580000,0x00000000fff00000)
 ParOldGen       total 131072K, used 51263K [0x0000000081600000, 0x0000000089600000, 0x00000000d5d00000)
  object space 131072K, 39% used [0x0000000081600000,0x000000008480fe68,0x0000000089600000)
 Metaspace       used 3361K, capacity 4664K, committed 4864K, reserved 1056768K
  class space    used 372K, capacity 424K, committed 512K, reserved 1048576K
Event: 124.596 GC heap after
Heap after GC invocations=433 (full 9):
 PSYoungGen      total 678400K, used 7328K [0x00000000d5d00000, 0x0000000100000000, 0x0000000100000000)
  eden space 668672K, 0% used [0x00000000d5d00000,0x00000000d5d00000,0x00000000fea00000)
  from space 9728K, 75% used [0x00000000ff580000,0x00000000ffca8000,0x00000000fff00000)
  to   space 11264K, 0% used [0x00000000fea00000,0x00000000fea00000,0x00000000ff500000)
 ParOldGen       total 131072K, used 51327K [0x0000000081600000, 0x0000000089600000, 0x00000000d5d00000)
  object space 131072K, 39% used [0x0000000081600000,0x000000008481fe68,0x0000000089600000)
 Metaspace       used 3361K, capacity 4664K, committed 4864K, reserved 1056768K
  class space    used 372K, capacity 424K, committed 512K, reserved 1048576K
}
Event: 126.140 GC heap before
{Heap before GC invocations=434 (full 9):
 PSYoungGen      total 678400K, used 676000K [0x00000000d5d00000, 0x0000000100000000, 0x0000000100000000)
  eden space 668672K, 100% used [0x00000000d5d00000,0x00000000fea00000,0x00000000fea00000)
  from space 9728K, 75% used [0x00000000ff580000,0x00000000ffca8000,0x00000000fff00000)
  to   space 11264K, 0% used [0x00000000fea00000,0x00000000fea00000,0x00000000ff500000)
 ParOldGen       total 131072K, used 51327K [0x0000000081600000, 0x0000000089600000, 0x00000000d5d00000)
  object space 131072K, 39% used [0x0000000081600000,0x000000008481fe68,0x0000000089600000)
 Metaspace       used 3361K, capacity 4664K, committed 4864K, reserved 1056768K
  class space    used 372K, capacity 424K, committed 512K, reserved 1048576K
Event: 126.156 GC heap after
Heap after GC invocations=434 (full 9):
 PSYoungGen      total 679936K, used 11247K [0x00000000d5d00000, 0x0000000100000000, 0x0000000100000000)
  eden space 668672K, 0% used [0x00000000d5d00000,0x00000000d5d00000,0x00000000fea00000)
  from space 11264K, 99% used [0x00000000fea00000,0x00000000ff4fbc20,0x00000000ff500000)
  to   space 11264K, 0% used [0x00000000ff500000,0x00000000ff500000,0x0000000100000000)
 ParOldGen       total 131072K, used 62655K [0x0000000081600000, 0x0000000089600000, 0x00000000d5d00000)
  object space 131072K, 47% used [0x0000000081600000,0x000000008532fe68,0x0000000089600000)
 Metaspace       used 3361K, capacity 4664K, committed 4864K, reserved 1056768K
  class space    used 372K, capacity 424K, committed 512K, reserved 1048576K
}
Event: 126.300 GC heap before
{Heap before GC invocations=435 (full 9):
 PSYoungGen      total 679936K, used 679919K [0x00000000d5d00000, 0x0000000100000000, 0x0000000100000000)
  eden space 668672K, 100% used [0x00000000d5d00000,0x00000000fea00000,0x00000000fea00000)
  from space 11264K, 99% used [0x00000000fea00000,0x00000000ff4fbc20,0x00000000ff500000)
  to   space 11264K, 0% used [0x00000000ff500000,0x00000000ff500000,0x0000000100000000)
 ParOldGen       total 131072K, used 62655K [0x0000000081600000, 0x0000000089600000, 0x00000000d5d00000)
  object space 131072K, 47% used [0x0000000081600000,0x000000008532fe68,0x0000000089600000)
 Metaspace       used 3361K, capacity 4664K, committed 4864K, reserved 1056768K
  class space    used 372K, capacity 424K, committed 512K, reserved 1048576K
Event: 126.305 GC heap after
Heap after GC invocations=435 (full 9):
 PSYoungGen      total 667648K, used 256K [0x00000000d5d00000, 0x0000000100000000, 0x0000000100000000)
  eden space 656384K, 0% used [0x00000000d5d00000,0x00000000d5d00000,0x00000000fde00000)
  from space 11264K, 2% used [0x00000000ff500000,0x00000000ff540000,0x0000000100000000)
  to   space 17408K, 0% used [0x00000000fde00000,0x00000000fde00000,0x00000000fef00000)
 ParOldGen       total 131072K, used 73727K [0x0000000081600000, 0x0000000089600000, 0x00000000d5d00000)
  object space 131072K, 56% used [0x0000000081600000,0x0000000085dffe88,0x0000000089600000)
 Metaspace       used 3361K, capacity 4664K, committed 4864K, reserved 1056768K
  class space    used 372K, capacity 424K, committed 512K, reserved 1048576K
}
Event: 126.436 GC heap before
{Heap before GC invocations=436 (full 9):
 PSYoungGen      total 667648K, used 656640K [0x00000000d5d00000, 0x0000000100000000, 0x0000000100000000)
  eden space 656384K, 100% used [0x00000000d5d00000,0x00000000fde00000,0x00000000fde00000)
  from space 11264K, 2% used [0x00000000ff500000,0x00000000ff540000,0x0000000100000000)
  to   space 17408K, 0% used [0x00000000fde00000,0x00000000fde00000,0x00000000fef00000)
 ParOldGen       total 131072K, used 73727K [0x0000000081600000, 0x0000000089600000, 0x00000000d5d00000)
  object space 131072K, 56% used [0x0000000081600000,0x0000000085dffe88,0x0000000089600000)
 Metaspace       used 3361K, capacity 4664K, committed 4864K, reserved 1056768K
  class space    used 372K, capacity 424K, committed 512K, reserved 1048576K
Event: 126.437 GC heap after
Heap after GC invocations=436 (full 9):
 PSYoungGen      total 673792K, used 369K [0x00000000d5d00000, 0x0000000100000000, 0x0000000100000000)
  eden space 656384K, 0% used [0x00000000d5d00000,0x00000000d5d00000,0x00000000fde00000)
  from space 17408K, 2% used [0x00000000fde00000,0x00000000fde5c428,0x00000000fef00000)
  to   space 16384K, 0% used [0x00000000ff000000,0x00000000ff000000,0x0000000100000000)
 ParOldGen       total 131072K, used 73791K [0x0000000081600000, 0x0000000089600000, 0x00000000d5d00000)
  object space 131072K, 56% used [0x0000000081600000,0x0000000085e0fe88,0x0000000089600000)
 Metaspace       used 3361K, capacity 4664K, committed 4864K, reserved 1056768K
  class space    used 372K, capacity 424K, committed 512K, reserved 1048576K
}

Deoptimization events (10 events):
Event: 3.702 Thread 0x00000000022c0800 Uncommon trap: reason=unstable_if action=reinterpret pc=0x0000000002573198 method=java.util.HashMap.isEmpty()Z @ 4
Event: 4.512 Thread 0x00000000022c0800 Uncommon trap: reason=unstable_if action=reinterpret pc=0x00000000026e15c8 method=sun.nio.cs.UTF_8$Decoder.decodeArrayLoop(Ljava/nio/ByteBuffer;Ljava/nio/CharBuffer;)Ljava/nio/charset/CoderResult; @ 184
Event: 7.656 Thread 0x00000000022c0800 Uncommon trap: reason=unstable_if action=reinterpret pc=0x0000000002785874 method=java.lang.String.<init>([CII)V @ 18
Event: 8.995 Thread 0x00000000022c0800 Uncommon trap: reason=unstable_if action=reinterpret pc=0x000000000278a768 method=sun.nio.cs.StreamDecoder.implRead([CII)I @ 87
Event: 18.625 Thread 0x00000000022c0800 Uncommon trap: reason=unstable_if action=reinterpret pc=0x00000000027a48a0 method=org.tartarus.snowball.SnowballProgram.in_grouping_b([CII)Z @ 37
Event: 33.068 Thread 0x00000000022c0800 Uncommon trap: reason=unstable_if action=reinterpret pc=0x0000000002765810 method=sun.nio.cs.UTF_8$Decoder.decodeArrayLoop(Ljava/nio/ByteBuffer;Ljava/nio/CharBuffer;)Ljava/nio/charset/CoderResult; @ 287
Event: 46.880 Thread 0x00000000022c0800 Uncommon trap: reason=unstable_if action=reinterpret pc=0x00000000026dcd80 method=Common.FrenchTokenizerAutomaton.feedCharL0(C)LCommon/FrenchTokenizerAutomaton$Signal; @ 96
Event: 56.124 Thread 0x00000000022c0800 Uncommon trap: reason=unstable_if action=reinterpret pc=0x0000000002732130 method=org.tartarus.snowball.SnowballProgram.in_grouping_b([CII)Z @ 31
Event: 57.471 Thread 0x00000000022c0800 Uncommon trap: reason=unstable_if action=reinterpret pc=0x00000000026f8bb4 method=java.lang.String.toLowerCase(Ljava/util/Locale;)Ljava/lang/String; @ 226
Event: 66.018 Thread 0x00000000022c0800 Uncommon trap: reason=unstable_if action=reinterpret pc=0x00000000027b60e0 method=sun.nio.cs.UTF_8$Decoder.isMalformed3(III)Z @ 3

Internal exceptions (7 events):
Event: 0.028 Thread 0x00000000022c0800 Exception <a 'java/lang/NoSuchMethodError': Method sun.misc.Unsafe.defineClass(Ljava/lang/String;[BII)Ljava/lang/Class; name or signature does not match> (0x00000000d5d0d650) thrown at [C:\re\workspace\8-2-build-windows-amd64-cygwin\jdk8u71\5731\hotspot\sr­
Event: 0.028 Thread 0x00000000022c0800 Exception <a 'java/lang/NoSuchMethodError': Method sun.misc.Unsafe.prefetchRead(Ljava/lang/Object;J)V name or signature does not match> (0x00000000d5d0d938) thrown at [C:\re\workspace\8-2-build-windows-amd64-cygwin\jdk8u71\5731\hotspot\src\share\vm\prims\jdÚã%ÞÎ@
Event: 2.851 Thread 0x00000000022c0800 Implicit null exception at 0x00000000026c05e7 to 0x00000000026c2515
Event: 3.700 Thread 0x00000000022c0800 Exception <a 'java/security/PrivilegedActionException'> (0x00000000f5fbf608) thrown at [C:\re\workspace\8-2-build-windows-amd64-cygwin\jdk8u71\5731\hotspot\src\share\vm\prims\jvm.cpp, line 1386]
Event: 3.700 Thread 0x00000000022c0800 Exception <a 'java/security/PrivilegedActionException'> (0x00000000f5fbfa00) thrown at [C:\re\workspace\8-2-build-windows-amd64-cygwin\jdk8u71\5731\hotspot\src\share\vm\prims\jvm.cpp, line 1386]
Event: 3.701 Thread 0x00000000022c0800 Exception <a 'java/security/PrivilegedActionException'> (0x00000000f5fc3978) thrown at [C:\re\workspace\8-2-build-windows-amd64-cygwin\jdk8u71\5731\hotspot\src\share\vm\prims\jvm.cpp, line 1386]
Event: 3.701 Thread 0x00000000022c0800 Exception <a 'java/security/PrivilegedActionException'> (0x00000000f5fc3d70) thrown at [C:\re\workspace\8-2-build-windows-amd64-cygwin\jdk8u71\5731\hotspot\src\share\vm\prims\jvm.cpp, line 1386]

Events (10 events):
Event: 124.012 Executing VM operation: ParallelGCFailedAllocation
Event: 124.014 Executing VM operation: ParallelGCFailedAllocation done
Event: 124.591 Executing VM operation: ParallelGCFailedAllocation
Event: 124.596 Executing VM operation: ParallelGCFailedAllocation done
Event: 126.140 Executing VM operation: ParallelGCFailedAllocation
Event: 126.156 Executing VM operation: ParallelGCFailedAllocation done
Event: 126.299 Executing VM operation: ParallelGCFailedAllocation
Event: 126.306 Executing VM operation: ParallelGCFailedAllocation done
Event: 126.436 Executing VM operation: ParallelGCFailedAllocation
Event: 126.437 Executing VM operation: ParallelGCFailedAllocation done


Dynamic libraries:
0x00007ff644e10000 - 0x00007ff644e47000 	C:\Program Files\Java\jre1.8.0_71\bin\javaw.exe
0x00007ffc932f0000 - 0x00007ffc934c1000 	C:\WINDOWS\SYSTEM32\ntdll.dll
0x00007ffc90c10000 - 0x00007ffc90cbb000 	C:\WINDOWS\System32\KERNEL32.DLL
0x00007ffc90660000 - 0x00007ffc9087d000 	C:\WINDOWS\System32\KERNELBASE.dll
0x00007ffc90b60000 - 0x00007ffc90c02000 	C:\WINDOWS\System32\ADVAPI32.dll
0x00007ffc91140000 - 0x00007ffc911de000 	C:\WINDOWS\System32\msvcrt.dll
0x00007ffc90d40000 - 0x00007ffc90d99000 	C:\WINDOWS\System32\sechost.dll
0x00007ffc93160000 - 0x00007ffc93281000 	C:\WINDOWS\System32\RPCRT4.dll
0x00007ffc92ff0000 - 0x00007ffc93155000 	C:\WINDOWS\System32\USER32.dll
0x00007ffc905a0000 - 0x00007ffc905be000 	C:\WINDOWS\System32\win32u.dll
0x00007ffc911e0000 - 0x00007ffc91214000 	C:\WINDOWS\System32\GDI32.dll
0x00007ffc8f7e0000 - 0x00007ffc8f962000 	C:\WINDOWS\System32\gdi32full.dll
0x00007ffc8b6e0000 - 0x00007ffc8b959000 	C:\WINDOWS\WinSxS\amd64_microsoft.windows.common-controls_6595b64144ccf1df_6.0.14393.0_none_2d0f50fcbdb171b8\COMCTL32.dll
0x00007ffc90880000 - 0x00007ffc90b47000 	C:\WINDOWS\System32\combase.dll
0x00007ffc90390000 - 0x00007ffc90485000 	C:\WINDOWS\System32\ucrtbase.dll
0x00007ffc90320000 - 0x00007ffc9038a000 	C:\WINDOWS\System32\bcryptPrimitives.dll
0x00007ffc92730000 - 0x00007ffc9275e000 	C:\WINDOWS\System32\IMM32.DLL
0x0000000075580000 - 0x0000000075652000 	C:\Program Files\Java\jre1.8.0_71\bin\msvcr100.dll
0x0000000075660000 - 0x0000000075eef000 	C:\Program Files\Java\jre1.8.0_71\bin\server\jvm.dll
0x00007ffc90d30000 - 0x00007ffc90d38000 	C:\WINDOWS\System32\PSAPI.DLL
0x00007ffc73310000 - 0x00007ffc73319000 	C:\WINDOWS\SYSTEM32\WSOCK32.dll
0x00007ffc8cad0000 - 0x00007ffc8caf3000 	C:\WINDOWS\SYSTEM32\WINMM.dll
0x00007ffc8dc90000 - 0x00007ffc8dc9a000 	C:\WINDOWS\SYSTEM32\VERSION.dll
0x00007ffc92c70000 - 0x00007ffc92cda000 	C:\WINDOWS\System32\WS2_32.dll
0x00007ffc8caa0000 - 0x00007ffc8cacb000 	C:\WINDOWS\SYSTEM32\WINMMBASE.dll
0x00007ffc90100000 - 0x00007ffc90142000 	C:\WINDOWS\System32\cfgmgr32.dll
0x0000000075570000 - 0x000000007557f000 	C:\Program Files\Java\jre1.8.0_71\bin\verify.dll
0x0000000075540000 - 0x0000000075569000 	C:\Program Files\Java\jre1.8.0_71\bin\java.dll
0x0000000075520000 - 0x0000000075536000 	C:\Program Files\Java\jre1.8.0_71\bin\zip.dll
0x00007ffc91220000 - 0x00007ffc92728000 	C:\WINDOWS\System32\SHELL32.dll
0x00007ffc8fa20000 - 0x00007ffc900fa000 	C:\WINDOWS\System32\windows.storage.dll
0x00007ffc8f780000 - 0x00007ffc8f7cc000 	C:\WINDOWS\System32\powrprof.dll
0x00007ffc92e80000 - 0x00007ffc92ed2000 	C:\WINDOWS\System32\shlwapi.dll
0x00007ffc8f7d0000 - 0x00007ffc8f7df000 	C:\WINDOWS\System32\kernel.appcore.dll
0x00007ffc90490000 - 0x00007ffc90539000 	C:\WINDOWS\System32\shcore.dll
0x00007ffc8f750000 - 0x00007ffc8f764000 	C:\WINDOWS\System32\profapi.dll
0x00007ffc8f3b0000 - 0x00007ffc8f542000 	C:\WINDOWS\SYSTEM32\dbghelp.dll

VM Arguments:
jvm_args: -Dfile.encoding=UTF-8 
java_command: Main.IndexGenerator
java_class_path (initial): C:\Users\akhou\OneDrive\Documents\Master\REI\SearchEngine\bin
Launcher Type: SUN_STANDARD

Environment Variables:
PATH=C:/Program Files/Java/jre1.8.0_71/bin/server;C:/Program Files/Java/jre1.8.0_71/bin;C:/Program Files/Java/jre1.8.0_71/lib/amd64;C:\ProgramData\Oracle\Java\javapath;C:\Windows\system32;C:\Windows;C:\Windows\System32\Wbem;C:\Windows\System32\WindowsPowerShell\v1.0\;C:\Program Files (x86)\NVIDIA Corporation\PhysX\Common;C:\Program Files\Java\jre1.8.0_66\bin\;C:\Program Files\openssl-0.9.8k_X64\bin\;C:\Program Files (x86)\Calibre2\;C:\Program Files (x86)\Skype\Phone\;C:\Program Files\Java\jdk1.8.0_66\bin\;;%SystemRoot%\system32;%SystemRoot%;%SystemRoot%\System32\Wbem;%SYSTEMROOT%\System32\WindowsPowerShell\v1.0\;C:\Users\akhou\Anaconda2;C:\Users\akhou\Anaconda2\Scripts;C:\Users\akhou\Anaconda2\Library\bin;C:\Users\akhou\AppData\Local\Pandoc\;C:\Program Files\MongoDB\Server\3.2\bin\;%USERPROFILE%\AppData\Local\Microsoft\WindowsApps;;C:\Dev\Tools\java-neon\eclipse;
USERNAME=akhou
OS=Windows_NT
PROCESSOR_IDENTIFIER=Intel64 Family 6 Model 60 Stepping 3, GenuineIntel



---------------  S Y S T E M  ---------------

OS: Windows 10.0 , 64 bit Build 14393 (10.0.14393.0)

CPU:total 8 (4 cores per cpu, 2 threads per core) family 6 model 60 stepping 3, cmov, cx8, fxsr, mmx, sse, sse2, sse3, ssse3, sse4.1, sse4.2, popcnt, avx, avx2, aes, clmul, erms, lzcnt, ht, tsc, tscinvbit, bmi1, bmi2

Memory: 4k page, physical 8293488k(3132136k free), swap 16682096k(10877052k free)

vm_info: Java HotSpot(TM) 64-Bit Server VM (25.71-b15) for windows-amd64 JRE (1.8.0_71-b15), built on Dec 22 2015 18:15:55 by "java_re" with MS VC++ 10.0 (VS2010)

time: Thu Oct 27 16:56:49 2016
elapsed time: 126 seconds (0d 0h 2m 6s)

